2017-11-30 02:56:26.226+0000 WARN [o.n.i.p.PageCache] The dbms.memory.pagecache.size setting has not been configured. It is recommended that this setting is always explicitly configured, to ensure the system has a balanced configuration. Until then, a computed heuristic value of 4957001728 bytes will be used instead. 
2017-11-30 02:56:26.686+0000 INFO [o.n.k.i.f.CommunityEditionModule] No locking implementation specified, defaulting to 'community'
2017-11-30 02:56:26.815+0000 INFO [o.n.k.AvailabilityGuard] Requirement makes database unavailable: Database available
2017-11-30 02:56:26.836+0000 INFO [o.n.k.i.DiagnosticsManager] --- INITIALIZED diagnostics START ---
2017-11-30 02:56:26.836+0000 INFO [o.n.k.i.DiagnosticsManager] Neo4j Kernel properties:
2017-11-30 02:56:26.836+0000 INFO [o.n.k.i.DiagnosticsManager] dbms.connector.http.enabled=true
2017-11-30 02:56:26.837+0000 INFO [o.n.k.i.DiagnosticsManager] dbms.security.auth_enabled=false
2017-11-30 02:56:26.837+0000 INFO [o.n.k.i.DiagnosticsManager] dbms.connector.bolt.type=BOLT
2017-11-30 02:56:26.837+0000 INFO [o.n.k.i.DiagnosticsManager] unsupported.dbms.directories.neo4j_home=C:\Users\Sri Charan\Documents\GitHub\MoviePrediction\Moviedb
2017-11-30 02:56:26.837+0000 INFO [o.n.k.i.DiagnosticsManager] dbms.directories.import=import
2017-11-30 02:56:26.837+0000 INFO [o.n.k.i.DiagnosticsManager] dbms.allow_upgrade=true
2017-11-30 02:56:26.837+0000 INFO [o.n.k.i.DiagnosticsManager] dbms.connector.https.enabled=true
2017-11-30 02:56:26.837+0000 INFO [o.n.k.i.DiagnosticsManager] dbms.allow_store_upgrade=true
2017-11-30 02:56:26.837+0000 INFO [o.n.k.i.DiagnosticsManager] dbms.connector.http.type=HTTP
2017-11-30 02:56:26.837+0000 INFO [o.n.k.i.DiagnosticsManager] unsupported.dbms.directories.database=C:\Users\Sri Charan\Documents\GitHub\MoviePrediction\Moviedb
2017-11-30 02:56:26.837+0000 INFO [o.n.k.i.DiagnosticsManager] dbms.logs.http.enabled=false
2017-11-30 02:56:26.837+0000 INFO [o.n.k.i.DiagnosticsManager] dbms.connector.https.type=HTTP
2017-11-30 02:56:26.837+0000 INFO [o.n.k.i.DiagnosticsManager] dbms.allow_format_migration=true
2017-11-30 02:56:26.837+0000 INFO [o.n.k.i.DiagnosticsManager] unsupported.dbms.edition=community
2017-11-30 02:56:26.837+0000 INFO [o.n.k.i.DiagnosticsManager] dbms.connector.bolt.address=127.0.0.1:7687
2017-11-30 02:56:26.837+0000 INFO [o.n.k.i.DiagnosticsManager] dbms.connector.bolt.enabled=true
2017-11-30 02:56:26.837+0000 INFO [o.n.k.i.DiagnosticsManager] Diagnostics providers:
2017-11-30 02:56:26.837+0000 INFO [o.n.k.i.DiagnosticsManager] org.neo4j.kernel.configuration.Config
2017-11-30 02:56:26.838+0000 INFO [o.n.k.i.DiagnosticsManager] org.neo4j.kernel.info.DiagnosticsManager
2017-11-30 02:56:26.838+0000 INFO [o.n.k.i.DiagnosticsManager] SYSTEM_MEMORY
2017-11-30 02:56:26.838+0000 INFO [o.n.k.i.DiagnosticsManager] JAVA_MEMORY
2017-11-30 02:56:26.838+0000 INFO [o.n.k.i.DiagnosticsManager] OPERATING_SYSTEM
2017-11-30 02:56:26.838+0000 INFO [o.n.k.i.DiagnosticsManager] JAVA_VIRTUAL_MACHINE
2017-11-30 02:56:26.838+0000 INFO [o.n.k.i.DiagnosticsManager] CLASSPATH
2017-11-30 02:56:26.838+0000 INFO [o.n.k.i.DiagnosticsManager] LIBRARY_PATH
2017-11-30 02:56:26.838+0000 INFO [o.n.k.i.DiagnosticsManager] SYSTEM_PROPERTIES
2017-11-30 02:56:26.838+0000 INFO [o.n.k.i.DiagnosticsManager] NETWORK
2017-11-30 02:56:26.838+0000 INFO [o.n.k.i.DiagnosticsManager] System memory information:
2017-11-30 02:56:26.840+0000 INFO [o.n.k.i.DiagnosticsManager] Total Physical memory: 11.87 GB
2017-11-30 02:56:26.840+0000 INFO [o.n.k.i.DiagnosticsManager] Free Physical memory: 8.26 GB
2017-11-30 02:56:26.840+0000 INFO [o.n.k.i.DiagnosticsManager] Committed virtual memory: 425.02 MB
2017-11-30 02:56:26.841+0000 INFO [o.n.k.i.DiagnosticsManager] Total swap space: 13.68 GB
2017-11-30 02:56:26.841+0000 INFO [o.n.k.i.DiagnosticsManager] Free swap space: 9.51 GB
2017-11-30 02:56:26.841+0000 INFO [o.n.k.i.DiagnosticsManager] JVM memory information:
2017-11-30 02:56:26.841+0000 INFO [o.n.k.i.DiagnosticsManager] Free  memory: 132.57 MB
2017-11-30 02:56:26.841+0000 INFO [o.n.k.i.DiagnosticsManager] Total memory: 190.00 MB
2017-11-30 02:56:26.841+0000 INFO [o.n.k.i.DiagnosticsManager] Max   memory: 2.64 GB
2017-11-30 02:56:26.845+0000 INFO [o.n.k.i.DiagnosticsManager] Garbage Collector: PS Scavenge: [PS Eden Space, PS Survivor Space]
2017-11-30 02:56:26.846+0000 INFO [o.n.k.i.DiagnosticsManager] Garbage Collector: PS MarkSweep: [PS Eden Space, PS Survivor Space, PS Old Gen]
2017-11-30 02:56:26.847+0000 INFO [o.n.k.i.DiagnosticsManager] Memory Pool: Code Cache (Non-heap memory): committed=8.44 MB, used=8.36 MB, max=240.00 MB, threshold=0.00 B
2017-11-30 02:56:26.847+0000 INFO [o.n.k.i.DiagnosticsManager] Memory Pool: Metaspace (Non-heap memory): committed=23.63 MB, used=22.54 MB, max=-1.00 B, threshold=0.00 B
2017-11-30 02:56:26.847+0000 INFO [o.n.k.i.DiagnosticsManager] Memory Pool: Compressed Class Space (Non-heap memory): committed=3.38 MB, used=3.12 MB, max=1.00 GB, threshold=0.00 B
2017-11-30 02:56:26.847+0000 INFO [o.n.k.i.DiagnosticsManager] Memory Pool: PS Eden Space (Heap memory): committed=48.00 MB, used=14.21 MB, max=998.00 MB, threshold=?
2017-11-30 02:56:26.848+0000 INFO [o.n.k.i.DiagnosticsManager] Memory Pool: PS Survivor Space (Heap memory): committed=7.50 MB, used=0.00 B, max=7.50 MB, threshold=?
2017-11-30 02:56:26.848+0000 INFO [o.n.k.i.DiagnosticsManager] Memory Pool: PS Old Gen (Heap memory): committed=134.50 MB, used=43.23 MB, max=1.98 GB, threshold=0.00 B
2017-11-30 02:56:26.848+0000 INFO [o.n.k.i.DiagnosticsManager] Operating system information:
2017-11-30 02:56:26.848+0000 INFO [o.n.k.i.DiagnosticsManager] Operating System: Windows 10; version: 10.0; arch: amd64; cpus: 4
2017-11-30 02:56:26.857+0000 INFO [o.n.k.i.DiagnosticsManager] Process id: 9796@DESKTOP-DACAVQ8
2017-11-30 02:56:26.857+0000 INFO [o.n.k.i.DiagnosticsManager] Byte order: LITTLE_ENDIAN
2017-11-30 02:56:26.858+0000 INFO [o.n.k.i.DiagnosticsManager] Local timezone: America/Chicago
2017-11-30 02:56:26.858+0000 INFO [o.n.k.i.DiagnosticsManager] JVM information:
2017-11-30 02:56:26.858+0000 INFO [o.n.k.i.DiagnosticsManager] VM Name: Java HotSpot(TM) 64-Bit Server VM
2017-11-30 02:56:26.858+0000 INFO [o.n.k.i.DiagnosticsManager] VM Vendor: Oracle Corporation
2017-11-30 02:56:26.858+0000 INFO [o.n.k.i.DiagnosticsManager] VM Version: 25.144-b01
2017-11-30 02:56:26.858+0000 INFO [o.n.k.i.DiagnosticsManager] JIT compiler: HotSpot 64-Bit Tiered Compilers
2017-11-30 02:56:26.859+0000 INFO [o.n.k.i.DiagnosticsManager] VM Arguments: [-Dexe4j.semaphoreName=Local\c:_program_files_neo4j_ce_3.2.3_bin_neo4j-ce.exe, -Dexe4j.isInstall4j=true, -Dexe4j.moduleName=C:\Program Files\Neo4j CE 3.2.3\bin\neo4j-ce.exe, -Dexe4j.tempDir=, -Dexe4j.unextractedPosition=0, -Djava.library.path=C:\ProgramData\Oracle\Java\javapath;C:\Program Files (x86)\Intel\iCLS Client\;C:\Program Files\Intel\iCLS Client\;C:\WINDOWS\system32;C:\WINDOWS;C:\WINDOWS\System32\Wbem;C:\WINDOWS\System32\WindowsPowerShell\v1.0\;C:\Program Files (x86)\Intel\Intel(R) Management Engine Components\DAL;C:\Program Files\Intel\Intel(R) Management Engine Components\DAL;C:\Program Files (x86)\Intel\Intel(R) Management Engine Components\IPT;C:\Program Files\Intel\Intel(R) Management Engine Components\IPT;C:\Program Files\Intel\WiFi\bin\;C:\Program Files\Common Files\Intel\WirelessCommon\;C:\Program Files\MiKTeX 2.9\miktex\bin\x64\;C:\Python27;C:\Users\Sri Charan\AppData\Local\GitHubDesktop\bin;c:\program files\java\jre1.8.0_144\bin, -Dexe4j.consoleCodepage=cp0, -Dinstall4j.launcherId=24, -Dinstall4j.swt=false]
2017-11-30 02:56:26.859+0000 INFO [o.n.k.i.DiagnosticsManager] Java classpath:
2017-11-30 02:56:26.861+0000 INFO [o.n.k.i.DiagnosticsManager]  [bootstrap] C:\Program Files\Java\jre1.8.0_144\lib\resources.jar
2017-11-30 02:56:26.861+0000 INFO [o.n.k.i.DiagnosticsManager]  [bootstrap] C:\Program Files\Java\jre1.8.0_144\lib\charsets.jar
2017-11-30 02:56:26.861+0000 INFO [o.n.k.i.DiagnosticsManager]  [classpath] C:\Program Files\Neo4j CE 3.2.3\.install4j\i4jruntime.jar
2017-11-30 02:56:26.861+0000 INFO [o.n.k.i.DiagnosticsManager]  [loader.0] file:/C:/Program%20Files/Neo4j%20CE%203.2.3/.install4j/i4jruntime.jar
2017-11-30 02:56:26.861+0000 INFO [o.n.k.i.DiagnosticsManager]  [loader.1] file:/C:/Program%20Files/Java/jre1.8.0_144/lib/ext/sunjce_provider.jar
2017-11-30 02:56:26.861+0000 INFO [o.n.k.i.DiagnosticsManager]  [loader.1] file:/C:/Program%20Files/Java/jre1.8.0_144/lib/ext/sunec.jar
2017-11-30 02:56:26.861+0000 INFO [o.n.k.i.DiagnosticsManager]  [loader.1] file:/C:/Program%20Files/Java/jre1.8.0_144/lib/ext/sunmscapi.jar
2017-11-30 02:56:26.861+0000 INFO [o.n.k.i.DiagnosticsManager]  [loader.0] file:/C:/Program%20Files/Neo4j%20CE%203.2.3/bin/neo4j-desktop-3.2.3.jar
2017-11-30 02:56:26.861+0000 INFO [o.n.k.i.DiagnosticsManager]  [loader.1] file:/C:/Program%20Files/Java/jre1.8.0_144/lib/ext/nashorn.jar
2017-11-30 02:56:26.861+0000 INFO [o.n.k.i.DiagnosticsManager]  [bootstrap] C:\Program Files\Java\jre1.8.0_144\lib\jfr.jar
2017-11-30 02:56:26.861+0000 INFO [o.n.k.i.DiagnosticsManager]  [classpath] C:\Program Files\Neo4j CE 3.2.3\bin\neo4j-desktop-3.2.3.jar
2017-11-30 02:56:26.861+0000 INFO [o.n.k.i.DiagnosticsManager]  [loader.1] file:/C:/Program%20Files/Java/jre1.8.0_144/lib/ext/sunpkcs11.jar
2017-11-30 02:56:26.861+0000 INFO [o.n.k.i.DiagnosticsManager]  [bootstrap] C:\Program Files\Java\jre1.8.0_144\classes
2017-11-30 02:56:26.861+0000 INFO [o.n.k.i.DiagnosticsManager]  [loader.1] file:/C:/Program%20Files/Java/jre1.8.0_144/lib/ext/jaccess.jar
2017-11-30 02:56:26.861+0000 INFO [o.n.k.i.DiagnosticsManager]  [loader.1] file:/C:/Program%20Files/Java/jre1.8.0_144/lib/ext/dnsns.jar
2017-11-30 02:56:26.862+0000 INFO [o.n.k.i.DiagnosticsManager]  [loader.1] file:/C:/Program%20Files/Java/jre1.8.0_144/lib/ext/jfxrt.jar
2017-11-30 02:56:26.862+0000 INFO [o.n.k.i.DiagnosticsManager]  [loader.1] file:/C:/Program%20Files/Java/jre1.8.0_144/lib/ext/zipfs.jar
2017-11-30 02:56:26.862+0000 INFO [o.n.k.i.DiagnosticsManager]  [loader.1] file:/C:/Program%20Files/Java/jre1.8.0_144/lib/ext/access-bridge-64.jar
2017-11-30 02:56:26.862+0000 INFO [o.n.k.i.DiagnosticsManager]  [loader.1] file:/C:/Program%20Files/Java/jre1.8.0_144/lib/ext/localedata.jar
2017-11-30 02:56:26.862+0000 INFO [o.n.k.i.DiagnosticsManager]  [bootstrap] C:\Program Files\Java\jre1.8.0_144\lib\rt.jar
2017-11-30 02:56:26.862+0000 INFO [o.n.k.i.DiagnosticsManager]  [bootstrap] C:\Program Files\Java\jre1.8.0_144\lib\sunrsasign.jar
2017-11-30 02:56:26.862+0000 INFO [o.n.k.i.DiagnosticsManager]  [bootstrap] C:\Program Files\Java\jre1.8.0_144\lib\jsse.jar
2017-11-30 02:56:26.862+0000 INFO [o.n.k.i.DiagnosticsManager]  [loader.1] file:/C:/Program%20Files/Java/jre1.8.0_144/lib/ext/cldrdata.jar
2017-11-30 02:56:26.862+0000 INFO [o.n.k.i.DiagnosticsManager]  [bootstrap] C:\Program Files\Java\jre1.8.0_144\lib\jce.jar
2017-11-30 02:56:26.862+0000 INFO [o.n.k.i.DiagnosticsManager] Library path:
2017-11-30 02:56:26.862+0000 INFO [o.n.k.i.DiagnosticsManager] C:\ProgramData\Oracle\Java\javapath
2017-11-30 02:56:26.863+0000 INFO [o.n.k.i.DiagnosticsManager] C:\Program Files (x86)\Intel\iCLS Client
2017-11-30 02:56:26.863+0000 INFO [o.n.k.i.DiagnosticsManager] C:\Program Files\Intel\iCLS Client
2017-11-30 02:56:26.863+0000 INFO [o.n.k.i.DiagnosticsManager] C:\Windows\System32
2017-11-30 02:56:26.863+0000 INFO [o.n.k.i.DiagnosticsManager] C:\Windows
2017-11-30 02:56:26.864+0000 INFO [o.n.k.i.DiagnosticsManager] C:\Windows\System32\wbem
2017-11-30 02:56:26.864+0000 INFO [o.n.k.i.DiagnosticsManager] C:\Windows\System32\WindowsPowerShell\v1.0
2017-11-30 02:56:26.864+0000 INFO [o.n.k.i.DiagnosticsManager] C:\Program Files (x86)\Intel\Intel(R) Management Engine Components\DAL
2017-11-30 02:56:26.865+0000 INFO [o.n.k.i.DiagnosticsManager] C:\Program Files\Intel\Intel(R) Management Engine Components\DAL
2017-11-30 02:56:26.865+0000 INFO [o.n.k.i.DiagnosticsManager] C:\Program Files (x86)\Intel\Intel(R) Management Engine Components\IPT
2017-11-30 02:56:26.865+0000 INFO [o.n.k.i.DiagnosticsManager] C:\Program Files\Intel\Intel(R) Management Engine Components\IPT
2017-11-30 02:56:26.865+0000 INFO [o.n.k.i.DiagnosticsManager] C:\Program Files\Intel\WiFi\bin
2017-11-30 02:56:26.866+0000 INFO [o.n.k.i.DiagnosticsManager] C:\Program Files\Common Files\Intel\WirelessCommon
2017-11-30 02:56:26.866+0000 INFO [o.n.k.i.DiagnosticsManager] C:\Program Files\MiKTeX 2.9\miktex\bin\x64
2017-11-30 02:56:26.866+0000 INFO [o.n.k.i.DiagnosticsManager] C:\Python27
2017-11-30 02:56:26.866+0000 INFO [o.n.k.i.DiagnosticsManager] C:\Users\Sri Charan\AppData\Local\GitHubDesktop\bin
2017-11-30 02:56:26.866+0000 INFO [o.n.k.i.DiagnosticsManager] C:\Program Files\Java\jre1.8.0_144\bin
2017-11-30 02:56:26.866+0000 INFO [o.n.k.i.DiagnosticsManager] System.properties:
2017-11-30 02:56:26.867+0000 INFO [o.n.k.i.DiagnosticsManager] exe4j.moduleName = C:\Program Files\Neo4j CE 3.2.3\bin\neo4j-ce.exe
2017-11-30 02:56:26.867+0000 INFO [o.n.k.i.DiagnosticsManager] exe4j.semaphoreName = Local\c:_program_files_neo4j_ce_3.2.3_bin_neo4j-ce.exe
2017-11-30 02:56:26.867+0000 INFO [o.n.k.i.DiagnosticsManager] sun.boot.library.path = c:\program files\java\jre1.8.0_144\bin
2017-11-30 02:56:26.867+0000 INFO [o.n.k.i.DiagnosticsManager] exe4j.consoleCodepage = cp0
2017-11-30 02:56:26.867+0000 INFO [o.n.k.i.DiagnosticsManager] path.separator = ;
2017-11-30 02:56:26.867+0000 INFO [o.n.k.i.DiagnosticsManager] file.encoding.pkg = sun.io
2017-11-30 02:56:26.867+0000 INFO [o.n.k.i.DiagnosticsManager] user.country = US
2017-11-30 02:56:26.867+0000 INFO [o.n.k.i.DiagnosticsManager] user.script = 
2017-11-30 02:56:26.867+0000 INFO [o.n.k.i.DiagnosticsManager] sun.os.patch.level = 
2017-11-30 02:56:26.867+0000 INFO [o.n.k.i.DiagnosticsManager] install4j.exeDir = C:\Program Files\Neo4j CE 3.2.3\bin\
2017-11-30 02:56:26.867+0000 INFO [o.n.k.i.DiagnosticsManager] user.dir = C:\Program Files\Neo4j CE 3.2.3\bin
2017-11-30 02:56:26.867+0000 INFO [o.n.k.i.DiagnosticsManager] user.variant = 
2017-11-30 02:56:26.867+0000 INFO [o.n.k.i.DiagnosticsManager] exe4j.tempDir = 
2017-11-30 02:56:26.867+0000 INFO [o.n.k.i.DiagnosticsManager] sun.jnu.encoding = Cp1252
2017-11-30 02:56:26.867+0000 INFO [o.n.k.i.DiagnosticsManager] unsupported.dbms.udc.source = desktop
2017-11-30 02:56:26.867+0000 INFO [o.n.k.i.DiagnosticsManager] sun.awt.enableExtraMouseButtons = true
2017-11-30 02:56:26.867+0000 INFO [o.n.k.i.DiagnosticsManager] install4j.launcherId = 24
2017-11-30 02:56:26.867+0000 INFO [o.n.k.i.DiagnosticsManager] sun.management.compiler = HotSpot 64-Bit Tiered Compilers
2017-11-30 02:56:26.867+0000 INFO [o.n.k.i.DiagnosticsManager] exe4j.isInstall4j = true
2017-11-30 02:56:26.867+0000 INFO [o.n.k.i.DiagnosticsManager] install4j.swt = false
2017-11-30 02:56:26.867+0000 INFO [o.n.k.i.DiagnosticsManager] user.home = C:\Users\Sri Charan
2017-11-30 02:56:26.867+0000 INFO [o.n.k.i.DiagnosticsManager] user.timezone = America/Chicago
2017-11-30 02:56:26.867+0000 INFO [o.n.k.i.DiagnosticsManager] file.encoding = Cp1252
2017-11-30 02:56:26.867+0000 INFO [o.n.k.i.DiagnosticsManager] user.name = Sri Charan
2017-11-30 02:56:26.867+0000 INFO [o.n.k.i.DiagnosticsManager] sun.java.command = C:\Program Files\Neo4j CE 3.2.3\bin\neo4j-ce.exe
2017-11-30 02:56:26.867+0000 INFO [o.n.k.i.DiagnosticsManager] sun.arch.data.model = 64
2017-11-30 02:56:26.867+0000 INFO [o.n.k.i.DiagnosticsManager] exe4j.launchName = C:\Program Files\Neo4j CE 3.2.3\bin\neo4j-ce.exe
2017-11-30 02:56:26.867+0000 INFO [o.n.k.i.DiagnosticsManager] user.language = en
2017-11-30 02:56:26.867+0000 INFO [o.n.k.i.DiagnosticsManager] awt.toolkit = sun.awt.windows.WToolkit
2017-11-30 02:56:26.867+0000 INFO [o.n.k.i.DiagnosticsManager] exe4j.unextractedPosition = 0
2017-11-30 02:56:26.867+0000 INFO [o.n.k.i.DiagnosticsManager] install4j.appDir = C:\Program Files\Neo4j CE 3.2.3\
2017-11-30 02:56:26.867+0000 INFO [o.n.k.i.DiagnosticsManager] file.separator = \
2017-11-30 02:56:26.867+0000 INFO [o.n.k.i.DiagnosticsManager] sun.io.unicode.encoding = UnicodeLittle
2017-11-30 02:56:26.868+0000 INFO [o.n.k.i.DiagnosticsManager] sun.cpu.endian = little
2017-11-30 02:56:26.868+0000 INFO [o.n.k.i.DiagnosticsManager] sun.desktop = windows
2017-11-30 02:56:26.868+0000 INFO [o.n.k.i.DiagnosticsManager] sun.cpu.isalist = amd64
2017-11-30 02:56:26.868+0000 INFO [o.n.k.i.DiagnosticsManager] Network information:
2017-11-30 02:56:26.892+0000 INFO [o.n.k.i.DiagnosticsManager] Interface Software Loopback Interface 1:
2017-11-30 02:56:26.893+0000 INFO [o.n.k.i.DiagnosticsManager]     address: 127.0.0.1
2017-11-30 02:56:26.893+0000 INFO [o.n.k.i.DiagnosticsManager]     address: 0:0:0:0:0:0:0:1
2017-11-30 02:56:26.893+0000 INFO [o.n.k.i.DiagnosticsManager] Interface Microsoft Wi-Fi Direct Virtual Adapter:
2017-11-30 02:56:26.893+0000 INFO [o.n.k.i.DiagnosticsManager]     address: fe80:0:0:0:d1b8:895c:da25:ffdd%wlan0
2017-11-30 02:56:26.893+0000 INFO [o.n.k.i.DiagnosticsManager] Interface WAN Miniport (IPv6):
2017-11-30 02:56:26.893+0000 INFO [o.n.k.i.DiagnosticsManager] Interface WAN Miniport (L2TP):
2017-11-30 02:56:26.893+0000 INFO [o.n.k.i.DiagnosticsManager] Interface WAN Miniport (Network Monitor):
2017-11-30 02:56:26.893+0000 INFO [o.n.k.i.DiagnosticsManager] Interface ASIX AX88772A USB2.0 to Fast Ethernet Adapter:
2017-11-30 02:56:26.893+0000 INFO [o.n.k.i.DiagnosticsManager] Interface WAN Miniport (SSTP):
2017-11-30 02:56:26.893+0000 INFO [o.n.k.i.DiagnosticsManager] Interface WAN Miniport (IKEv2):
2017-11-30 02:56:26.893+0000 INFO [o.n.k.i.DiagnosticsManager] Interface WAN Miniport (PPPOE):
2017-11-30 02:56:26.893+0000 INFO [o.n.k.i.DiagnosticsManager] Interface Microsoft Wi-Fi Direct Virtual Adapter #2:
2017-11-30 02:56:26.893+0000 INFO [o.n.k.i.DiagnosticsManager] Interface WAN Miniport (IP):
2017-11-30 02:56:26.893+0000 INFO [o.n.k.i.DiagnosticsManager] Interface Microsoft Kernel Debug Network Adapter:
2017-11-30 02:56:26.893+0000 INFO [o.n.k.i.DiagnosticsManager] Interface Microsoft Teredo Tunneling Adapter:
2017-11-30 02:56:26.893+0000 INFO [o.n.k.i.DiagnosticsManager]     address: 2001:0:9d38:6ab8:28d0:a7b:bafa:7624
2017-11-30 02:56:26.893+0000 INFO [o.n.k.i.DiagnosticsManager]     address: fe80:0:0:0:28d0:a7b:bafa:7624%net3
2017-11-30 02:56:26.893+0000 INFO [o.n.k.i.DiagnosticsManager] Interface Bluetooth Device (RFCOMM Protocol TDI):
2017-11-30 02:56:26.893+0000 INFO [o.n.k.i.DiagnosticsManager] Interface Intel(R) Dual Band Wireless-AC 3165:
2017-11-30 02:56:26.893+0000 INFO [o.n.k.i.DiagnosticsManager]     address: 192.168.1.6
2017-11-30 02:56:26.893+0000 INFO [o.n.k.i.DiagnosticsManager]     address: fe80:0:0:0:15e9:4a2a:8dcf:c117%wlan2
2017-11-30 02:56:26.894+0000 INFO [o.n.k.i.DiagnosticsManager] Interface WAN Miniport (PPTP):
2017-11-30 02:56:26.894+0000 INFO [o.n.k.i.DiagnosticsManager] Interface Bluetooth Device (Personal Area Network):
2017-11-30 02:56:26.894+0000 INFO [o.n.k.i.DiagnosticsManager]     address: fe80:0:0:0:381e:3250:bc6f:5689%eth5
2017-11-30 02:56:26.894+0000 INFO [o.n.k.i.DiagnosticsManager] Interface Intel(R) Dual Band Wireless-AC 3165-WFP Native MAC Layer LightWeight Filter-0000:
2017-11-30 02:56:26.894+0000 INFO [o.n.k.i.DiagnosticsManager] Interface Intel(R) Dual Band Wireless-AC 3165-Virtual WiFi Filter Driver-0000:
2017-11-30 02:56:26.894+0000 INFO [o.n.k.i.DiagnosticsManager] Interface Intel(R) Dual Band Wireless-AC 3165-Native WiFi Filter Driver-0000:
2017-11-30 02:56:26.894+0000 INFO [o.n.k.i.DiagnosticsManager] Interface Intel(R) Dual Band Wireless-AC 3165-QoS Packet Scheduler-0000:
2017-11-30 02:56:26.894+0000 INFO [o.n.k.i.DiagnosticsManager] Interface Intel(R) Dual Band Wireless-AC 3165-WFP 802.3 MAC Layer LightWeight Filter-0000:
2017-11-30 02:56:26.894+0000 INFO [o.n.k.i.DiagnosticsManager] Interface Microsoft Wi-Fi Direct Virtual Adapter-WFP Native MAC Layer LightWeight Filter-0000:
2017-11-30 02:56:26.894+0000 INFO [o.n.k.i.DiagnosticsManager] Interface Microsoft Wi-Fi Direct Virtual Adapter-Native WiFi Filter Driver-0000:
2017-11-30 02:56:26.894+0000 INFO [o.n.k.i.DiagnosticsManager] Interface Microsoft Wi-Fi Direct Virtual Adapter-QoS Packet Scheduler-0000:
2017-11-30 02:56:26.894+0000 INFO [o.n.k.i.DiagnosticsManager] Interface Microsoft Wi-Fi Direct Virtual Adapter-WFP 802.3 MAC Layer LightWeight Filter-0000:
2017-11-30 02:56:26.894+0000 INFO [o.n.k.i.DiagnosticsManager] --- INITIALIZED diagnostics END ---
2017-11-30 02:56:27.506+0000 INFO [o.n.b.v.r.WorkerFactory] Bolt Server extension loaded.
2017-11-30 02:56:27.507+0000 INFO [o.n.b.v.r.WorkerFactory] Bolt enabled on 127.0.0.1:7687.
2017-11-30 02:56:27.600+0000 INFO [o.n.k.i.s.f.RecordFormatSelector] Selected format 'RecordFormat:StandardV3_2[v0.A.8]' for the new store
2017-11-30 02:56:28.118+0000 INFO [o.n.k.i.a.i.IndexingService] IndexingService.init: indexes not specifically mentioned above are null
2017-11-30 02:56:28.119+0000 INFO [o.n.k.i.i.l.NativeLabelScanStore] No scan store found, this might just be first use. Preparing to rebuild.
2017-11-30 02:56:28.151+0000 INFO [o.n.k.NeoStoreDataSource] Opened logical log [C:\Users\Sri Charan\Documents\GitHub\MoviePrediction\Moviedb\neostore.transaction.db.0] version=0, lastTxId=1 (clean)
2017-11-30 02:56:28.157+0000 INFO [o.n.k.NeoStoreDataSource] No commits found after last check point (which is at <no log position given>)
2017-11-30 02:56:28.161+0000 WARN [o.n.k.i.s.MetaDataStore] Missing counts store, rebuilding it.
2017-11-30 02:56:28.271+0000 WARN [o.n.k.i.s.MetaDataStore] Counts store rebuild completed.
2017-11-30 02:56:28.286+0000 INFO [o.n.k.i.a.i.IndexingService] IndexingService.start: indexes not specifically mentioned above are null
2017-11-30 02:56:28.287+0000 INFO [o.n.k.i.i.l.NativeLabelScanStore] Rebuilding scan store, this may take a while
2017-11-30 02:56:28.299+0000 INFO [o.n.k.i.i.l.NativeLabelScanStore] Scan store rebuilt (roughly 0 nodes)
2017-11-30 02:56:28.303+0000 INFO [o.n.k.i.DatabaseHealth] Database health set to OK
2017-11-30 02:56:28.990+0000 INFO [o.n.k.AvailabilityGuard] Fulfilling of requirement makes database available: Database available
2017-11-30 02:56:28.990+0000 INFO [o.n.k.i.f.GraphDatabaseFacadeFactory] Database is now ready
2017-11-30 02:56:28.991+0000 INFO [o.n.k.i.DiagnosticsManager] --- STARTED diagnostics for KernelDiagnostics:Versions START ---
2017-11-30 02:56:28.991+0000 INFO [o.n.k.i.DiagnosticsManager] Graph Database: community single StoreId{creationTime=1512010587990, randomId=-1494992672466056492, storeVersion=15813456178476550, upgradeTime=1512010587990, upgradeId=1}
2017-11-30 02:56:28.991+0000 INFO [o.n.k.i.DiagnosticsManager] Kernel version: 3.2.3
2017-11-30 02:56:28.991+0000 INFO [o.n.k.i.DiagnosticsManager] --- STARTED diagnostics for KernelDiagnostics:Versions END ---
2017-11-30 02:56:28.993+0000 INFO [o.n.k.i.DiagnosticsManager] --- STARTED diagnostics for NEO_STORE_VERSIONS START ---
2017-11-30 02:56:28.993+0000 INFO [o.n.k.i.DiagnosticsManager] Store versions:
2017-11-30 02:56:28.993+0000 INFO [o.n.k.i.DiagnosticsManager] Store versions:
2017-11-30 02:56:28.993+0000 INFO [o.n.k.i.DiagnosticsManager]   ArrayPropertyStore v0.A.8
2017-11-30 02:56:28.993+0000 INFO [o.n.k.i.DiagnosticsManager]   NodeStore v0.A.8
2017-11-30 02:56:28.993+0000 INFO [o.n.k.i.DiagnosticsManager]   StringPropertyStore v0.A.8
2017-11-30 02:56:28.993+0000 INFO [o.n.k.i.DiagnosticsManager]   PropertyIndexStore v0.A.8
2017-11-30 02:56:28.993+0000 INFO [o.n.k.i.DiagnosticsManager]   StringPropertyStore v0.A.8
2017-11-30 02:56:28.994+0000 INFO [o.n.k.i.DiagnosticsManager]   ArrayPropertyStore v0.A.8
2017-11-30 02:56:28.994+0000 INFO [o.n.k.i.DiagnosticsManager]   PropertyStore v0.A.8
2017-11-30 02:56:28.994+0000 INFO [o.n.k.i.DiagnosticsManager]   RelationshipStore v0.A.8
2017-11-30 02:56:28.994+0000 INFO [o.n.k.i.DiagnosticsManager]   StringPropertyStore v0.A.8
2017-11-30 02:56:28.994+0000 INFO [o.n.k.i.DiagnosticsManager]   RelationshipTypeStore v0.A.8
2017-11-30 02:56:28.994+0000 INFO [o.n.k.i.DiagnosticsManager]   StringPropertyStore v0.A.8
2017-11-30 02:56:28.994+0000 INFO [o.n.k.i.DiagnosticsManager]   LabelTokenStore v0.A.8
2017-11-30 02:56:28.994+0000 INFO [o.n.k.i.DiagnosticsManager]   SchemaStore v0.A.8
2017-11-30 02:56:28.994+0000 INFO [o.n.k.i.DiagnosticsManager]   RelationshipGroupStore v0.A.8
2017-11-30 02:56:28.995+0000 INFO [o.n.k.i.DiagnosticsManager]   NeoStore v0.A.8
2017-11-30 02:56:28.995+0000 INFO [o.n.k.i.DiagnosticsManager] --- STARTED diagnostics for NEO_STORE_VERSIONS END ---
2017-11-30 02:56:28.995+0000 INFO [o.n.k.i.DiagnosticsManager] --- STARTED diagnostics for NEO_STORE_ID_USAGE START ---
2017-11-30 02:56:28.995+0000 INFO [o.n.k.i.DiagnosticsManager] Id usage:
2017-11-30 02:56:28.995+0000 INFO [o.n.k.i.DiagnosticsManager] Id usage:
2017-11-30 02:56:28.995+0000 INFO [o.n.k.i.DiagnosticsManager]   ArrayPropertyStore: used=1 high=0
2017-11-30 02:56:28.995+0000 INFO [o.n.k.i.DiagnosticsManager]   NodeStore: used=0 high=-1
2017-11-30 02:56:28.996+0000 INFO [o.n.k.i.DiagnosticsManager]   StringPropertyStore: used=1 high=0
2017-11-30 02:56:28.996+0000 INFO [o.n.k.i.DiagnosticsManager]   PropertyIndexStore: used=0 high=-1
2017-11-30 02:56:28.996+0000 INFO [o.n.k.i.DiagnosticsManager]   StringPropertyStore: used=1 high=0
2017-11-30 02:56:28.996+0000 INFO [o.n.k.i.DiagnosticsManager]   ArrayPropertyStore: used=1 high=0
2017-11-30 02:56:28.996+0000 INFO [o.n.k.i.DiagnosticsManager]   PropertyStore: used=0 high=-1
2017-11-30 02:56:28.996+0000 INFO [o.n.k.i.DiagnosticsManager]   RelationshipStore: used=0 high=-1
2017-11-30 02:56:28.996+0000 INFO [o.n.k.i.DiagnosticsManager]   StringPropertyStore: used=1 high=0
2017-11-30 02:56:28.997+0000 INFO [o.n.k.i.DiagnosticsManager]   RelationshipTypeStore: used=0 high=-1
2017-11-30 02:56:28.997+0000 INFO [o.n.k.i.DiagnosticsManager]   StringPropertyStore: used=1 high=0
2017-11-30 02:56:28.997+0000 INFO [o.n.k.i.DiagnosticsManager]   LabelTokenStore: used=0 high=-1
2017-11-30 02:56:28.997+0000 INFO [o.n.k.i.DiagnosticsManager]   SchemaStore: used=1 high=0
2017-11-30 02:56:28.997+0000 INFO [o.n.k.i.DiagnosticsManager]   RelationshipGroupStore: used=1 high=0
2017-11-30 02:56:28.997+0000 INFO [o.n.k.i.DiagnosticsManager]   NeoStore: used=15 high=14
2017-11-30 02:56:28.998+0000 INFO [o.n.k.i.DiagnosticsManager] --- STARTED diagnostics for NEO_STORE_ID_USAGE END ---
2017-11-30 02:56:28.998+0000 INFO [o.n.k.i.DiagnosticsManager] --- STARTED diagnostics for NEO_STORE_RECORDS START ---
2017-11-30 02:56:28.998+0000 INFO [o.n.k.i.DiagnosticsManager] Neostore records:
2017-11-30 02:56:28.999+0000 INFO [o.n.k.i.DiagnosticsManager] TIME (Creation time): 1512010587990
2017-11-30 02:56:28.999+0000 INFO [o.n.k.i.DiagnosticsManager] RANDOM_NUMBER (Random number for store id): -1494992672466056492
2017-11-30 02:56:28.999+0000 INFO [o.n.k.i.DiagnosticsManager] LOG_VERSION (Current log version): 0
2017-11-30 02:56:28.999+0000 INFO [o.n.k.i.DiagnosticsManager] LAST_TRANSACTION_ID (Last committed transaction): 1
2017-11-30 02:56:28.999+0000 INFO [o.n.k.i.DiagnosticsManager] STORE_VERSION (Store format version): 15813456178476550
2017-11-30 02:56:29.000+0000 INFO [o.n.k.i.DiagnosticsManager] FIRST_GRAPH_PROPERTY (First property record containing graph properties): -1
2017-11-30 02:56:29.000+0000 INFO [o.n.k.i.DiagnosticsManager] LAST_CONSTRAINT_TRANSACTION (Last committed transaction containing constraint changes): 0
2017-11-30 02:56:29.000+0000 INFO [o.n.k.i.DiagnosticsManager] UPGRADE_TRANSACTION_ID (Transaction id most recent upgrade was performed at): 1
2017-11-30 02:56:29.000+0000 INFO [o.n.k.i.DiagnosticsManager] UPGRADE_TIME (Time of last upgrade): 1512010587990
2017-11-30 02:56:29.000+0000 INFO [o.n.k.i.DiagnosticsManager] LAST_TRANSACTION_CHECKSUM (Checksum of last committed transaction): 0
2017-11-30 02:56:29.000+0000 INFO [o.n.k.i.DiagnosticsManager] UPGRADE_TRANSACTION_CHECKSUM (Checksum of transaction id the most recent upgrade was performed at): 0
2017-11-30 02:56:29.000+0000 INFO [o.n.k.i.DiagnosticsManager] LAST_CLOSED_TRANSACTION_LOG_VERSION (Log version where the last transaction commit entry has been written into): 0
2017-11-30 02:56:29.000+0000 INFO [o.n.k.i.DiagnosticsManager] LAST_CLOSED_TRANSACTION_LOG_BYTE_OFFSET (Byte offset in the log file where the last transaction commit entry has been written into): 16
2017-11-30 02:56:29.000+0000 INFO [o.n.k.i.DiagnosticsManager] LAST_TRANSACTION_COMMIT_TIMESTAMP (Commit time timestamp for last committed transaction): 0
2017-11-30 02:56:29.001+0000 INFO [o.n.k.i.DiagnosticsManager] UPGRADE_TRANSACTION_COMMIT_TIMESTAMP (Commit timestamp of transaction the most recent upgrade was performed at): 0
2017-11-30 02:56:29.001+0000 INFO [o.n.k.i.DiagnosticsManager] --- STARTED diagnostics for NEO_STORE_RECORDS END ---
2017-11-30 02:56:29.002+0000 INFO [o.n.k.i.DiagnosticsManager] --- STARTED diagnostics for TRANSACTION_RANGE START ---
2017-11-30 02:56:29.002+0000 INFO [o.n.k.i.DiagnosticsManager] Transaction log:
2017-11-30 02:56:29.003+0000 INFO [o.n.k.i.DiagnosticsManager] No transactions found in any log
2017-11-30 02:56:29.003+0000 INFO [o.n.k.i.DiagnosticsManager] --- STARTED diagnostics for TRANSACTION_RANGE END ---
2017-11-30 02:56:29.004+0000 INFO [o.n.k.i.DiagnosticsManager] --- STARTED diagnostics for KernelDiagnostics:StoreFiles START ---
2017-11-30 02:56:29.005+0000 INFO [o.n.k.i.DiagnosticsManager] Disk space on partition (Total / Free / Free %): 498566332416 / 376187572224 / 75
Storage files: (filename : modification date - size)
2017-11-30 02:56:29.006+0000 INFO [o.n.k.i.DiagnosticsManager]   certificates:
2017-11-30 02:56:29.007+0000 INFO [o.n.k.i.DiagnosticsManager]     neo4j.cert: 2017-11-29T20:56:27-0600 - 1002.00 B
2017-11-30 02:56:29.008+0000 INFO [o.n.k.i.DiagnosticsManager]     neo4j.key: 2017-11-29T20:56:27-0600 - 1.69 kB
2017-11-30 02:56:29.008+0000 INFO [o.n.k.i.DiagnosticsManager]   - Total: 2017-11-29T20:56:27-0600 - 2.67 kB
2017-11-30 02:56:29.008+0000 INFO [o.n.k.i.DiagnosticsManager]   index:
2017-11-30 02:56:29.008+0000 INFO [o.n.k.i.DiagnosticsManager]   - Total: 2017-11-29T20:56:28-0600 - 0.00 B
2017-11-30 02:56:29.008+0000 INFO [o.n.k.i.DiagnosticsManager]   logs:
2017-11-30 02:56:29.009+0000 INFO [o.n.k.i.DiagnosticsManager]     debug.log: 2017-11-29T20:56:28-0600 - 29.85 kB
2017-11-30 02:56:29.009+0000 INFO [o.n.k.i.DiagnosticsManager]   - Total: 2017-11-29T20:56:26-0600 - 29.85 kB
2017-11-30 02:56:29.009+0000 INFO [o.n.k.i.DiagnosticsManager]   neostore: 2017-11-29T20:56:27-0600 - 8.00 kB
2017-11-30 02:56:29.009+0000 INFO [o.n.k.i.DiagnosticsManager]   neostore.counts.db.a: 2017-11-29T20:56:28-0600 - 96.00 B
2017-11-30 02:56:29.010+0000 INFO [o.n.k.i.DiagnosticsManager]   neostore.id: 2017-11-29T20:56:28-0600 - 9.00 B
2017-11-30 02:56:29.010+0000 INFO [o.n.k.i.DiagnosticsManager]   neostore.labelscanstore.db: 2017-11-29T20:56:28-0600 - 40.00 kB
2017-11-30 02:56:29.010+0000 INFO [o.n.k.i.DiagnosticsManager]   neostore.labeltokenstore.db: 2017-11-29T20:56:27-0600 - 0.00 B
2017-11-30 02:56:29.010+0000 INFO [o.n.k.i.DiagnosticsManager]   neostore.labeltokenstore.db.id: 2017-11-29T20:56:27-0600 - 9.00 B
2017-11-30 02:56:29.010+0000 INFO [o.n.k.i.DiagnosticsManager]   neostore.labeltokenstore.db.names: 2017-11-29T20:56:27-0600 - 8.00 kB
2017-11-30 02:56:29.011+0000 INFO [o.n.k.i.DiagnosticsManager]   neostore.labeltokenstore.db.names.id: 2017-11-29T20:56:27-0600 - 9.00 B
2017-11-30 02:56:29.011+0000 INFO [o.n.k.i.DiagnosticsManager]   neostore.nodestore.db: 2017-11-29T20:56:27-0600 - 0.00 B
2017-11-30 02:56:29.011+0000 INFO [o.n.k.i.DiagnosticsManager]   neostore.nodestore.db.id: 2017-11-29T20:56:27-0600 - 9.00 B
2017-11-30 02:56:29.011+0000 INFO [o.n.k.i.DiagnosticsManager]   neostore.nodestore.db.labels: 2017-11-29T20:56:27-0600 - 8.00 kB
2017-11-30 02:56:29.011+0000 INFO [o.n.k.i.DiagnosticsManager]   neostore.nodestore.db.labels.id: 2017-11-29T20:56:27-0600 - 9.00 B
2017-11-30 02:56:29.012+0000 INFO [o.n.k.i.DiagnosticsManager]   neostore.propertystore.db: 2017-11-29T20:56:27-0600 - 0.00 B
2017-11-30 02:56:29.012+0000 INFO [o.n.k.i.DiagnosticsManager]   neostore.propertystore.db.arrays: 2017-11-29T20:56:27-0600 - 8.00 kB
2017-11-30 02:56:29.012+0000 INFO [o.n.k.i.DiagnosticsManager]   neostore.propertystore.db.arrays.id: 2017-11-29T20:56:27-0600 - 9.00 B
2017-11-30 02:56:29.012+0000 INFO [o.n.k.i.DiagnosticsManager]   neostore.propertystore.db.id: 2017-11-29T20:56:27-0600 - 9.00 B
2017-11-30 02:56:29.012+0000 INFO [o.n.k.i.DiagnosticsManager]   neostore.propertystore.db.index: 2017-11-29T20:56:27-0600 - 0.00 B
2017-11-30 02:56:29.013+0000 INFO [o.n.k.i.DiagnosticsManager]   neostore.propertystore.db.index.id: 2017-11-29T20:56:27-0600 - 9.00 B
2017-11-30 02:56:29.013+0000 INFO [o.n.k.i.DiagnosticsManager]   neostore.propertystore.db.index.keys: 2017-11-29T20:56:27-0600 - 8.00 kB
2017-11-30 02:56:29.013+0000 INFO [o.n.k.i.DiagnosticsManager]   neostore.propertystore.db.index.keys.id: 2017-11-29T20:56:27-0600 - 9.00 B
2017-11-30 02:56:29.013+0000 INFO [o.n.k.i.DiagnosticsManager]   neostore.propertystore.db.strings: 2017-11-29T20:56:27-0600 - 8.00 kB
2017-11-30 02:56:29.013+0000 INFO [o.n.k.i.DiagnosticsManager]   neostore.propertystore.db.strings.id: 2017-11-29T20:56:27-0600 - 9.00 B
2017-11-30 02:56:29.014+0000 INFO [o.n.k.i.DiagnosticsManager]   neostore.relationshipgroupstore.db: 2017-11-29T20:56:27-0600 - 8.00 kB
2017-11-30 02:56:29.014+0000 INFO [o.n.k.i.DiagnosticsManager]   neostore.relationshipgroupstore.db.id: 2017-11-29T20:56:27-0600 - 9.00 B
2017-11-30 02:56:29.014+0000 INFO [o.n.k.i.DiagnosticsManager]   neostore.relationshipstore.db: 2017-11-29T20:56:27-0600 - 0.00 B
2017-11-30 02:56:29.015+0000 INFO [o.n.k.i.DiagnosticsManager]   neostore.relationshipstore.db.id: 2017-11-29T20:56:27-0600 - 9.00 B
2017-11-30 02:56:29.015+0000 INFO [o.n.k.i.DiagnosticsManager]   neostore.relationshiptypestore.db: 2017-11-29T20:56:27-0600 - 0.00 B
2017-11-30 02:56:29.015+0000 INFO [o.n.k.i.DiagnosticsManager]   neostore.relationshiptypestore.db.id: 2017-11-29T20:56:27-0600 - 9.00 B
2017-11-30 02:56:29.015+0000 INFO [o.n.k.i.DiagnosticsManager]   neostore.relationshiptypestore.db.names: 2017-11-29T20:56:27-0600 - 8.00 kB
2017-11-30 02:56:29.016+0000 INFO [o.n.k.i.DiagnosticsManager]   neostore.relationshiptypestore.db.names.id: 2017-11-29T20:56:27-0600 - 9.00 B
2017-11-30 02:56:29.016+0000 INFO [o.n.k.i.DiagnosticsManager]   neostore.schemastore.db: 2017-11-29T20:56:27-0600 - 8.00 kB
2017-11-30 02:56:29.016+0000 INFO [o.n.k.i.DiagnosticsManager]   neostore.schemastore.db.id: 2017-11-29T20:56:27-0600 - 9.00 B
2017-11-30 02:56:29.016+0000 INFO [o.n.k.i.DiagnosticsManager]   neostore.transaction.db.0: 2017-11-29T20:56:28-0600 - 16.00 B
2017-11-30 02:56:29.017+0000 INFO [o.n.k.i.DiagnosticsManager]   store_lock: 2017-11-29T20:56:27-0600 - 0.00 B
2017-11-30 02:56:29.017+0000 INFO [o.n.k.i.DiagnosticsManager] --- STARTED diagnostics for KernelDiagnostics:StoreFiles END ---
2017-11-30 02:56:30.811+0000 INFO [o.n.k.i.DiagnosticsManager] --- SERVER STARTED START ---
2017-11-30 02:56:32.190+0000 INFO [o.n.k.i.DiagnosticsManager] --- SERVER STARTED END ---
2017-11-30 03:02:38.791+0000 INFO [o.n.c.i.ExecutionEngine] Discarded stale query from the query cache: 
CALL db.labels() YIELD label
WITH COLLECT(label)[..1000] AS labels
RETURN 'labels' as a, labels as result
UNION
CALL db.relationshipTypes() YIELD relationshipType
WITH COLLECT(relationshipType)[..1000] AS relationshipTypes
RETURN 'relationshipTypes' as a, relationshipTypes as result
UNION
CALL db.propertyKeys() YIELD propertyKey
WITH COLLECT(propertyKey)[..1000] AS propertyKeys
RETURN 'propertyKeys' as a, propertyKeys as result
UNION
CALL dbms.functions() YIELD name, signature, description
WITH collect({name: name, signature: signature, description: description}) as functions
RETURN 'functions' as a, functions AS result
UNION
CALL dbms.procedures() YIELD name, signature, description
WITH collect({name: name, signature: signature, description: description}) as procedures
RETURN 'procedures' as a, procedures as result

2017-11-30 03:02:38.795+0000 INFO [o.n.c.i.CommunityCompatibilityFactory] Discarded stale query from the query cache: CALL db.labels() YIELD label
WITH COLLECT(label)[..1000] AS labels
RETURN 'labels' as a, labels as result
UNION
CALL db.relationshipTypes() YIELD relationshipType
WITH COLLECT(relationshipType)[..1000] AS relationshipTypes
RETURN 'relationshipTypes' as a, relationshipTypes as result
UNION
CALL db.propertyKeys() YIELD propertyKey
WITH COLLECT(propertyKey)[..1000] AS propertyKeys
RETURN 'propertyKeys' as a, propertyKeys as result
UNION
CALL dbms.functions() YIELD name, signature, description
WITH collect({name: name, signature: signature, description: description}) as functions
RETURN 'functions' as a, functions AS result
UNION
CALL dbms.procedures() YIELD name, signature, description
WITH collect({name: name, signature: signature, description: description}) as procedures
RETURN 'procedures' as a, procedures as result

2017-11-30 03:10:32.568+0000 INFO [o.n.c.i.ExecutionEngine] Discarded stale query from the query cache: MATCH (a)-[r]->(b) WHERE id(a) IN $existingNodeIds AND id(b) IN $newNodeIds RETURN r;
2017-11-30 03:10:32.569+0000 INFO [o.n.c.i.CommunityCompatibilityFactory] Discarded stale query from the query cache: MATCH (a)-[r]->(b) WHERE id(a) IN $existingNodeIds AND id(b) IN $newNodeIds RETURN r;
2017-11-30 03:23:11.521+0000 INFO [o.n.k.i.t.l.c.CheckPointerImpl] Check Pointing triggered by scheduler for time threshold [174]:  Starting check pointing...
2017-11-30 03:23:11.521+0000 INFO [o.n.k.i.t.l.c.CheckPointerImpl] Check Pointing triggered by scheduler for time threshold [174]:  Starting store flush...
2017-11-30 03:23:11.533+0000 INFO [o.n.k.i.s.c.CountsTracker] About to rotate counts store at transaction 174 to [C:\Users\Sri Charan\Documents\GitHub\MoviePrediction\Moviedb\neostore.counts.db.b], from [C:\Users\Sri Charan\Documents\GitHub\MoviePrediction\Moviedb\neostore.counts.db.a].
2017-11-30 03:23:11.539+0000 INFO [o.n.k.i.s.c.CountsTracker] Successfully rotated counts store at transaction 174 to [C:\Users\Sri Charan\Documents\GitHub\MoviePrediction\Moviedb\neostore.counts.db.b], from [C:\Users\Sri Charan\Documents\GitHub\MoviePrediction\Moviedb\neostore.counts.db.a].
2017-11-30 03:23:11.628+0000 INFO [o.n.k.i.t.l.c.CheckPointerImpl] Check Pointing triggered by scheduler for time threshold [174]:  Store flush completed
2017-11-30 03:23:11.629+0000 INFO [o.n.k.i.t.l.c.CheckPointerImpl] Check Pointing triggered by scheduler for time threshold [174]:  Starting appending check point entry into the tx log...
2017-11-30 03:23:11.630+0000 INFO [o.n.k.i.t.l.c.CheckPointerImpl] Check Pointing triggered by scheduler for time threshold [174]:  Appending check point entry into the tx log completed
2017-11-30 03:23:11.630+0000 INFO [o.n.k.i.t.l.c.CheckPointerImpl] Check Pointing triggered by scheduler for time threshold [174]:  Check pointing completed
2017-11-30 03:23:11.630+0000 INFO [o.n.k.i.t.l.p.LogPruningImpl] Log Rotation [0]:  Starting log pruning.
2017-11-30 03:23:11.630+0000 INFO [o.n.k.i.t.l.p.LogPruningImpl] Log Rotation [0]:  Log pruning complete.
2017-11-30 03:38:11.685+0000 INFO [o.n.k.i.t.l.c.CheckPointerImpl] Check Pointing triggered by scheduler for time threshold [311]:  Starting check pointing...
2017-11-30 03:38:11.685+0000 INFO [o.n.k.i.t.l.c.CheckPointerImpl] Check Pointing triggered by scheduler for time threshold [311]:  Starting store flush...
2017-11-30 03:38:11.697+0000 INFO [o.n.k.i.s.c.CountsTracker] About to rotate counts store at transaction 311 to [C:\Users\Sri Charan\Documents\GitHub\MoviePrediction\Moviedb\neostore.counts.db.a], from [C:\Users\Sri Charan\Documents\GitHub\MoviePrediction\Moviedb\neostore.counts.db.b].
2017-11-30 03:38:11.702+0000 INFO [o.n.k.i.s.c.CountsTracker] Successfully rotated counts store at transaction 311 to [C:\Users\Sri Charan\Documents\GitHub\MoviePrediction\Moviedb\neostore.counts.db.a], from [C:\Users\Sri Charan\Documents\GitHub\MoviePrediction\Moviedb\neostore.counts.db.b].
2017-11-30 03:38:11.804+0000 INFO [o.n.k.i.t.l.c.CheckPointerImpl] Check Pointing triggered by scheduler for time threshold [311]:  Store flush completed
2017-11-30 03:38:11.804+0000 INFO [o.n.k.i.t.l.c.CheckPointerImpl] Check Pointing triggered by scheduler for time threshold [311]:  Starting appending check point entry into the tx log...
2017-11-30 03:38:11.805+0000 INFO [o.n.k.i.t.l.c.CheckPointerImpl] Check Pointing triggered by scheduler for time threshold [311]:  Appending check point entry into the tx log completed
2017-11-30 03:38:11.806+0000 INFO [o.n.k.i.t.l.c.CheckPointerImpl] Check Pointing triggered by scheduler for time threshold [311]:  Check pointing completed
2017-11-30 03:38:11.806+0000 INFO [o.n.k.i.t.l.p.LogPruningImpl] Log Rotation [0]:  Starting log pruning.
2017-11-30 03:38:11.806+0000 INFO [o.n.k.i.t.l.p.LogPruningImpl] Log Rotation [0]:  Log pruning complete.
2017-11-30 03:53:11.860+0000 INFO [o.n.k.i.t.l.c.CheckPointerImpl] Check Pointing triggered by scheduler for time threshold [423]:  Starting check pointing...
2017-11-30 03:53:11.860+0000 INFO [o.n.k.i.t.l.c.CheckPointerImpl] Check Pointing triggered by scheduler for time threshold [423]:  Starting store flush...
2017-11-30 03:53:11.866+0000 INFO [o.n.k.i.s.c.CountsTracker] About to rotate counts store at transaction 423 to [C:\Users\Sri Charan\Documents\GitHub\MoviePrediction\Moviedb\neostore.counts.db.b], from [C:\Users\Sri Charan\Documents\GitHub\MoviePrediction\Moviedb\neostore.counts.db.a].
2017-11-30 03:53:11.870+0000 INFO [o.n.k.i.s.c.CountsTracker] Successfully rotated counts store at transaction 423 to [C:\Users\Sri Charan\Documents\GitHub\MoviePrediction\Moviedb\neostore.counts.db.b], from [C:\Users\Sri Charan\Documents\GitHub\MoviePrediction\Moviedb\neostore.counts.db.a].
2017-11-30 03:53:12.076+0000 INFO [o.n.k.i.t.l.c.CheckPointerImpl] Check Pointing triggered by scheduler for time threshold [423]:  Store flush completed
2017-11-30 03:53:12.076+0000 INFO [o.n.k.i.t.l.c.CheckPointerImpl] Check Pointing triggered by scheduler for time threshold [423]:  Starting appending check point entry into the tx log...
2017-11-30 03:53:12.078+0000 INFO [o.n.k.i.t.l.c.CheckPointerImpl] Check Pointing triggered by scheduler for time threshold [423]:  Appending check point entry into the tx log completed
2017-11-30 03:53:12.078+0000 INFO [o.n.k.i.t.l.c.CheckPointerImpl] Check Pointing triggered by scheduler for time threshold [423]:  Check pointing completed
2017-11-30 03:53:12.078+0000 INFO [o.n.k.i.t.l.p.LogPruningImpl] Log Rotation [0]:  Starting log pruning.
2017-11-30 03:53:12.078+0000 INFO [o.n.k.i.t.l.p.LogPruningImpl] Log Rotation [0]:  Log pruning complete.
2017-11-30 04:08:12.136+0000 INFO [o.n.k.i.t.l.c.CheckPointerImpl] Check Pointing triggered by scheduler for time threshold [519]:  Starting check pointing...
2017-11-30 04:08:12.136+0000 INFO [o.n.k.i.t.l.c.CheckPointerImpl] Check Pointing triggered by scheduler for time threshold [519]:  Starting store flush...
2017-11-30 04:08:12.142+0000 INFO [o.n.k.i.s.c.CountsTracker] About to rotate counts store at transaction 519 to [C:\Users\Sri Charan\Documents\GitHub\MoviePrediction\Moviedb\neostore.counts.db.a], from [C:\Users\Sri Charan\Documents\GitHub\MoviePrediction\Moviedb\neostore.counts.db.b].
2017-11-30 04:08:12.146+0000 INFO [o.n.k.i.s.c.CountsTracker] Successfully rotated counts store at transaction 519 to [C:\Users\Sri Charan\Documents\GitHub\MoviePrediction\Moviedb\neostore.counts.db.a], from [C:\Users\Sri Charan\Documents\GitHub\MoviePrediction\Moviedb\neostore.counts.db.b].
2017-11-30 04:08:12.276+0000 INFO [o.n.k.i.t.l.c.CheckPointerImpl] Check Pointing triggered by scheduler for time threshold [519]:  Store flush completed
2017-11-30 04:08:12.276+0000 INFO [o.n.k.i.t.l.c.CheckPointerImpl] Check Pointing triggered by scheduler for time threshold [519]:  Starting appending check point entry into the tx log...
2017-11-30 04:08:12.277+0000 INFO [o.n.k.i.t.l.c.CheckPointerImpl] Check Pointing triggered by scheduler for time threshold [519]:  Appending check point entry into the tx log completed
2017-11-30 04:08:12.277+0000 INFO [o.n.k.i.t.l.c.CheckPointerImpl] Check Pointing triggered by scheduler for time threshold [519]:  Check pointing completed
2017-11-30 04:08:12.277+0000 INFO [o.n.k.i.t.l.p.LogPruningImpl] Log Rotation [0]:  Starting log pruning.
2017-11-30 04:08:12.277+0000 INFO [o.n.k.i.t.l.p.LogPruningImpl] Log Rotation [0]:  Log pruning complete.
2017-11-30 04:20:01.189+0000 INFO [o.n.c.i.ExecutionEngine] Discarded stale query from the query cache: MATCH (a)-[r]->(b) WHERE id(a) IN $existingNodeIds AND id(b) IN $newNodeIds RETURN r;
2017-11-30 04:20:01.190+0000 INFO [o.n.c.i.CommunityCompatibilityFactory] Discarded stale query from the query cache: MATCH (a)-[r]->(b) WHERE id(a) IN $existingNodeIds AND id(b) IN $newNodeIds RETURN r;
2017-11-30 04:23:12.329+0000 INFO [o.n.k.i.t.l.c.CheckPointerImpl] Check Pointing triggered by scheduler for time threshold [579]:  Starting check pointing...
2017-11-30 04:23:12.329+0000 INFO [o.n.k.i.t.l.c.CheckPointerImpl] Check Pointing triggered by scheduler for time threshold [579]:  Starting store flush...
2017-11-30 04:23:12.335+0000 INFO [o.n.k.i.s.c.CountsTracker] About to rotate counts store at transaction 579 to [C:\Users\Sri Charan\Documents\GitHub\MoviePrediction\Moviedb\neostore.counts.db.b], from [C:\Users\Sri Charan\Documents\GitHub\MoviePrediction\Moviedb\neostore.counts.db.a].
2017-11-30 04:23:12.340+0000 INFO [o.n.k.i.s.c.CountsTracker] Successfully rotated counts store at transaction 579 to [C:\Users\Sri Charan\Documents\GitHub\MoviePrediction\Moviedb\neostore.counts.db.b], from [C:\Users\Sri Charan\Documents\GitHub\MoviePrediction\Moviedb\neostore.counts.db.a].
2017-11-30 04:23:12.468+0000 INFO [o.n.k.i.t.l.c.CheckPointerImpl] Check Pointing triggered by scheduler for time threshold [579]:  Store flush completed
2017-11-30 04:23:12.468+0000 INFO [o.n.k.i.t.l.c.CheckPointerImpl] Check Pointing triggered by scheduler for time threshold [579]:  Starting appending check point entry into the tx log...
2017-11-30 04:23:12.469+0000 INFO [o.n.k.i.t.l.c.CheckPointerImpl] Check Pointing triggered by scheduler for time threshold [579]:  Appending check point entry into the tx log completed
2017-11-30 04:23:12.469+0000 INFO [o.n.k.i.t.l.c.CheckPointerImpl] Check Pointing triggered by scheduler for time threshold [579]:  Check pointing completed
2017-11-30 04:23:12.469+0000 INFO [o.n.k.i.t.l.p.LogPruningImpl] Log Rotation [0]:  Starting log pruning.
2017-11-30 04:23:12.469+0000 INFO [o.n.k.i.t.l.p.LogPruningImpl] Log Rotation [0]:  Log pruning complete.
2017-11-30 04:23:20.766+0000 ERROR [o.n.k.i.u.w.DefaultFileDeletionEventListener] 'graphdb' which belongs to the store was deleted while database was running.
2017-11-30 04:23:41.970+0000 INFO [o.n.k.i.f.GraphDatabaseFacadeFactory] Shutdown started
2017-11-30 04:23:41.971+0000 INFO [o.n.k.i.f.GraphDatabaseFacadeFactory] Database is now unavailable
2017-11-30 04:23:41.985+0000 INFO [o.n.k.i.t.l.c.CheckPointerImpl] Check Pointing triggered by database shutdown [579]:  Starting check pointing...
2017-11-30 04:23:41.985+0000 INFO [o.n.k.i.t.l.c.CheckPointerImpl] Check Pointing triggered by database shutdown [579]:  Starting store flush...
2017-11-30 04:23:41.990+0000 INFO [o.n.k.i.t.l.c.CheckPointerImpl] Check Pointing triggered by database shutdown [579]:  Store flush completed
2017-11-30 04:23:41.991+0000 INFO [o.n.k.i.t.l.c.CheckPointerImpl] Check Pointing triggered by database shutdown [579]:  Starting appending check point entry into the tx log...
2017-11-30 04:23:41.992+0000 INFO [o.n.k.i.t.l.c.CheckPointerImpl] Check Pointing triggered by database shutdown [579]:  Appending check point entry into the tx log completed
2017-11-30 04:23:41.992+0000 INFO [o.n.k.i.t.l.c.CheckPointerImpl] Check Pointing triggered by database shutdown [579]:  Check pointing completed
2017-11-30 04:23:41.992+0000 INFO [o.n.k.i.t.l.p.LogPruningImpl] Log Rotation [0]:  Starting log pruning.
2017-11-30 04:23:41.992+0000 INFO [o.n.k.i.t.l.p.LogPruningImpl] Log Rotation [0]:  Log pruning complete.
2017-11-30 04:23:42.088+0000 INFO [o.n.k.i.DiagnosticsManager] --- STOPPING diagnostics START ---
2017-11-30 04:23:42.088+0000 INFO [o.n.k.i.DiagnosticsManager] --- STOPPING diagnostics END ---
