2017-11-25 23:00:17.215+0000 WARN [o.n.i.p.PageCache] The dbms.memory.pagecache.size setting has not been configured. It is recommended that this setting is always explicitly configured, to ensure the system has a balanced configuration. Until then, a computed heuristic value of 1630103552 bytes will be used instead. 
2017-11-25 23:00:17.761+0000 INFO [o.n.k.i.f.CommunityEditionModule] No locking implementation specified, defaulting to 'community'
2017-11-25 23:00:17.933+0000 INFO [o.n.k.AvailabilityGuard] Requirement makes database unavailable: Database available
2017-11-25 23:00:17.980+0000 INFO [o.n.k.i.DiagnosticsManager] --- INITIALIZED diagnostics START ---
2017-11-25 23:00:17.980+0000 INFO [o.n.k.i.DiagnosticsManager] Neo4j Kernel properties:
2017-11-25 23:00:17.980+0000 INFO [o.n.k.i.DiagnosticsManager] dbms.connector.http.enabled=true
2017-11-25 23:00:17.980+0000 INFO [o.n.k.i.DiagnosticsManager] dbms.security.auth_enabled=false
2017-11-25 23:00:17.980+0000 INFO [o.n.k.i.DiagnosticsManager] dbms.connector.bolt.type=BOLT
2017-11-25 23:00:17.980+0000 INFO [o.n.k.i.DiagnosticsManager] unsupported.dbms.directories.neo4j_home=C:\Users\AMAL KUMAR BANERJEE\Documents\GitHub\MoviePrediction\graphdb
2017-11-25 23:00:17.980+0000 INFO [o.n.k.i.DiagnosticsManager] dbms.directories.import=import
2017-11-25 23:00:17.980+0000 INFO [o.n.k.i.DiagnosticsManager] dbms.connector.https.enabled=true
2017-11-25 23:00:17.980+0000 INFO [o.n.k.i.DiagnosticsManager] dbms.connector.http.type=HTTP
2017-11-25 23:00:17.980+0000 INFO [o.n.k.i.DiagnosticsManager] unsupported.dbms.directories.database=C:\Users\AMAL KUMAR BANERJEE\Documents\GitHub\MoviePrediction\graphdb
2017-11-25 23:00:17.980+0000 INFO [o.n.k.i.DiagnosticsManager] dbms.logs.http.enabled=false
2017-11-25 23:00:17.980+0000 INFO [o.n.k.i.DiagnosticsManager] dbms.connector.https.type=HTTP
2017-11-25 23:00:17.980+0000 INFO [o.n.k.i.DiagnosticsManager] dbms.allow_format_migration=true
2017-11-25 23:00:17.980+0000 INFO [o.n.k.i.DiagnosticsManager] unsupported.dbms.edition=community
2017-11-25 23:00:17.980+0000 INFO [o.n.k.i.DiagnosticsManager] dbms.connector.bolt.enabled=true
2017-11-25 23:00:17.980+0000 INFO [o.n.k.i.DiagnosticsManager] Diagnostics providers:
2017-11-25 23:00:17.980+0000 INFO [o.n.k.i.DiagnosticsManager] org.neo4j.kernel.configuration.Config
2017-11-25 23:00:17.980+0000 INFO [o.n.k.i.DiagnosticsManager] org.neo4j.kernel.info.DiagnosticsManager
2017-11-25 23:00:17.980+0000 INFO [o.n.k.i.DiagnosticsManager] SYSTEM_MEMORY
2017-11-25 23:00:17.980+0000 INFO [o.n.k.i.DiagnosticsManager] JAVA_MEMORY
2017-11-25 23:00:17.980+0000 INFO [o.n.k.i.DiagnosticsManager] OPERATING_SYSTEM
2017-11-25 23:00:17.980+0000 INFO [o.n.k.i.DiagnosticsManager] JAVA_VIRTUAL_MACHINE
2017-11-25 23:00:17.980+0000 INFO [o.n.k.i.DiagnosticsManager] CLASSPATH
2017-11-25 23:00:17.980+0000 INFO [o.n.k.i.DiagnosticsManager] LIBRARY_PATH
2017-11-25 23:00:17.980+0000 INFO [o.n.k.i.DiagnosticsManager] SYSTEM_PROPERTIES
2017-11-25 23:00:17.980+0000 INFO [o.n.k.i.DiagnosticsManager] NETWORK
2017-11-25 23:00:17.980+0000 INFO [o.n.k.i.DiagnosticsManager] System memory information:
2017-11-25 23:00:17.980+0000 INFO [o.n.k.i.DiagnosticsManager] Total Physical memory: 3.91 GB
2017-11-25 23:00:17.980+0000 INFO [o.n.k.i.DiagnosticsManager] Free Physical memory: 1.37 GB
2017-11-25 23:00:17.980+0000 INFO [o.n.k.i.DiagnosticsManager] Committed virtual memory: 197.00 MB
2017-11-25 23:00:17.980+0000 INFO [o.n.k.i.DiagnosticsManager] Total swap space: 8.40 GB
2017-11-25 23:00:17.980+0000 INFO [o.n.k.i.DiagnosticsManager] Free swap space: 4.16 GB
2017-11-25 23:00:17.980+0000 INFO [o.n.k.i.DiagnosticsManager] JVM memory information:
2017-11-25 23:00:17.980+0000 INFO [o.n.k.i.DiagnosticsManager] Free  memory: 35.50 MB
2017-11-25 23:00:17.980+0000 INFO [o.n.k.i.DiagnosticsManager] Total memory: 68.50 MB
2017-11-25 23:00:17.980+0000 INFO [o.n.k.i.DiagnosticsManager] Max   memory: 891.00 MB
2017-11-25 23:00:17.980+0000 INFO [o.n.k.i.DiagnosticsManager] Garbage Collector: PS Scavenge: [PS Eden Space, PS Survivor Space]
2017-11-25 23:00:17.980+0000 INFO [o.n.k.i.DiagnosticsManager] Garbage Collector: PS MarkSweep: [PS Eden Space, PS Survivor Space, PS Old Gen]
2017-11-25 23:00:17.980+0000 INFO [o.n.k.i.DiagnosticsManager] Memory Pool: Code Cache (Non-heap memory): committed=8.63 MB, used=8.54 MB, max=240.00 MB, threshold=0.00 B
2017-11-25 23:00:17.980+0000 INFO [o.n.k.i.DiagnosticsManager] Memory Pool: Metaspace (Non-heap memory): committed=23.63 MB, used=22.70 MB, max=-1.00 B, threshold=0.00 B
2017-11-25 23:00:17.980+0000 INFO [o.n.k.i.DiagnosticsManager] Memory Pool: Compressed Class Space (Non-heap memory): committed=3.38 MB, used=3.16 MB, max=1.00 GB, threshold=0.00 B
2017-11-25 23:00:17.980+0000 INFO [o.n.k.i.DiagnosticsManager] Memory Pool: PS Eden Space (Heap memory): committed=16.00 MB, used=13.23 MB, max=329.00 MB, threshold=?
2017-11-25 23:00:17.980+0000 INFO [o.n.k.i.DiagnosticsManager] Memory Pool: PS Survivor Space (Heap memory): committed=2.50 MB, used=0.00 B, max=2.50 MB, threshold=?
2017-11-25 23:00:17.980+0000 INFO [o.n.k.i.DiagnosticsManager] Memory Pool: PS Old Gen (Heap memory): committed=50.00 MB, used=19.98 MB, max=668.00 MB, threshold=0.00 B
2017-11-25 23:00:17.980+0000 INFO [o.n.k.i.DiagnosticsManager] Operating system information:
2017-11-25 23:00:17.980+0000 INFO [o.n.k.i.DiagnosticsManager] Operating System: Windows 8.1; version: 6.3; arch: amd64; cpus: 4
2017-11-25 23:00:17.996+0000 INFO [o.n.k.i.DiagnosticsManager] Process id: 372@DELL
2017-11-25 23:00:17.996+0000 INFO [o.n.k.i.DiagnosticsManager] Byte order: LITTLE_ENDIAN
2017-11-25 23:00:17.996+0000 INFO [o.n.k.i.DiagnosticsManager] Local timezone: America/Chicago
2017-11-25 23:00:17.996+0000 INFO [o.n.k.i.DiagnosticsManager] JVM information:
2017-11-25 23:00:17.996+0000 INFO [o.n.k.i.DiagnosticsManager] VM Name: Java HotSpot(TM) 64-Bit Server VM
2017-11-25 23:00:17.996+0000 INFO [o.n.k.i.DiagnosticsManager] VM Vendor: Oracle Corporation
2017-11-25 23:00:17.996+0000 INFO [o.n.k.i.DiagnosticsManager] VM Version: 25.60-b23
2017-11-25 23:00:17.996+0000 INFO [o.n.k.i.DiagnosticsManager] JIT compiler: HotSpot 64-Bit Tiered Compilers
2017-11-25 23:00:17.996+0000 INFO [o.n.k.i.DiagnosticsManager] VM Arguments: [-Dexe4j.semaphoreName=Local\c:_program_files_neo4j_ce_3.2.3_bin_neo4j-ce.exe, -Dexe4j.isInstall4j=true, -Dexe4j.moduleName=C:\Program Files\Neo4j CE 3.2.3\bin\neo4j-ce.exe, -Dexe4j.tempDir=, -Dexe4j.unextractedPosition=0, -Djava.library.path=C:\ProgramData\Oracle\Java\javapath;c:\Program Files (x86)\Intel\iCLS Client\;c:\Program Files\Intel\iCLS Client\;C:\Windows\system32;C:\Windows;C:\Windows\System32\Wbem;C:\Windows\System32\WindowsPowerShell\v1.0\;C:\Program Files\Intel\Intel(R) Management Engine Components\DAL;C:\Program Files\Intel\Intel(R) Management Engine Components\IPT;C:\Program Files (x86)\Intel\Intel(R) Management Engine Components\DAL;C:\Program Files (x86)\Intel\Intel(R) Management Engine Components\IPT;C:\Program Files (x86)\MiKTeX 2.9\miktex\bin\;C:\Program Files\MySQL\MySQL Utilities 1.6\;C:\Program Files (x86)\Skype\Phone\;C:\Program Files\Java\jdk1.8.0_144\bin;c:\program files\neo4j ce 3.2.3\jre\bin, -Dexe4j.consoleCodepage=cp0, -Dinstall4j.launcherId=24, -Dinstall4j.swt=false]
2017-11-25 23:00:17.996+0000 INFO [o.n.k.i.DiagnosticsManager] Java classpath:
2017-11-25 23:00:17.996+0000 INFO [o.n.k.i.DiagnosticsManager]  [bootstrap] C:\Program Files\Neo4j CE 3.2.3\jre\lib\jsse.jar
2017-11-25 23:00:17.996+0000 INFO [o.n.k.i.DiagnosticsManager]  [classpath] C:\Program Files\Neo4j CE 3.2.3\.install4j\i4jruntime.jar
2017-11-25 23:00:17.996+0000 INFO [o.n.k.i.DiagnosticsManager]  [loader.0] file:/C:/Program%20Files/Neo4j%20CE%203.2.3/.install4j/i4jruntime.jar
2017-11-25 23:00:17.996+0000 INFO [o.n.k.i.DiagnosticsManager]  [loader.1] file:/C:/Program%20Files/Neo4j%20CE%203.2.3/jre/lib/ext/access-bridge-64.jar
2017-11-25 23:00:17.996+0000 INFO [o.n.k.i.DiagnosticsManager]  [bootstrap] C:\Program Files\Neo4j CE 3.2.3\jre\classes
2017-11-25 23:00:17.996+0000 INFO [o.n.k.i.DiagnosticsManager]  [loader.1] file:/C:/Program%20Files/Neo4j%20CE%203.2.3/jre/lib/ext/sunec.jar
2017-11-25 23:00:17.996+0000 INFO [o.n.k.i.DiagnosticsManager]  [bootstrap] C:\Program Files\Neo4j CE 3.2.3\jre\lib\rt.jar
2017-11-25 23:00:17.996+0000 INFO [o.n.k.i.DiagnosticsManager]  [loader.1] file:/C:/Program%20Files/Neo4j%20CE%203.2.3/jre/lib/ext/nashorn.jar
2017-11-25 23:00:17.996+0000 INFO [o.n.k.i.DiagnosticsManager]  [loader.1] file:/C:/Program%20Files/Neo4j%20CE%203.2.3/jre/lib/ext/dnsns.jar
2017-11-25 23:00:17.996+0000 INFO [o.n.k.i.DiagnosticsManager]  [loader.1] file:/C:/Program%20Files/Neo4j%20CE%203.2.3/jre/lib/ext/jfxrt.jar
2017-11-25 23:00:17.996+0000 INFO [o.n.k.i.DiagnosticsManager]  [loader.1] file:/C:/Program%20Files/Neo4j%20CE%203.2.3/jre/lib/ext/zipfs.jar
2017-11-25 23:00:17.996+0000 INFO [o.n.k.i.DiagnosticsManager]  [loader.0] file:/C:/Program%20Files/Neo4j%20CE%203.2.3/bin/neo4j-desktop-3.2.3.jar
2017-11-25 23:00:17.996+0000 INFO [o.n.k.i.DiagnosticsManager]  [classpath] C:\Program Files\Neo4j CE 3.2.3\bin\neo4j-desktop-3.2.3.jar
2017-11-25 23:00:17.996+0000 INFO [o.n.k.i.DiagnosticsManager]  [loader.1] file:/C:/Program%20Files/Neo4j%20CE%203.2.3/jre/lib/ext/sunpkcs11.jar
2017-11-25 23:00:17.996+0000 INFO [o.n.k.i.DiagnosticsManager]  [bootstrap] C:\Program Files\Neo4j CE 3.2.3\jre\lib\jce.jar
2017-11-25 23:00:17.996+0000 INFO [o.n.k.i.DiagnosticsManager]  [loader.1] file:/C:/Program%20Files/Neo4j%20CE%203.2.3/jre/lib/ext/localedata.jar
2017-11-25 23:00:17.996+0000 INFO [o.n.k.i.DiagnosticsManager]  [loader.1] file:/C:/Program%20Files/Neo4j%20CE%203.2.3/jre/lib/ext/sunjce_provider.jar
2017-11-25 23:00:17.996+0000 INFO [o.n.k.i.DiagnosticsManager]  [bootstrap] C:\Program Files\Neo4j CE 3.2.3\jre\lib\sunrsasign.jar
2017-11-25 23:00:17.996+0000 INFO [o.n.k.i.DiagnosticsManager]  [loader.1] file:/C:/Program%20Files/Neo4j%20CE%203.2.3/jre/lib/ext/cldrdata.jar
2017-11-25 23:00:17.996+0000 INFO [o.n.k.i.DiagnosticsManager]  [loader.1] file:/C:/Program%20Files/Neo4j%20CE%203.2.3/jre/lib/ext/jaccess.jar
2017-11-25 23:00:17.996+0000 INFO [o.n.k.i.DiagnosticsManager]  [bootstrap] C:\Program Files\Neo4j CE 3.2.3\jre\lib\jfr.jar
2017-11-25 23:00:17.996+0000 INFO [o.n.k.i.DiagnosticsManager]  [bootstrap] C:\Program Files\Neo4j CE 3.2.3\jre\lib\charsets.jar
2017-11-25 23:00:17.996+0000 INFO [o.n.k.i.DiagnosticsManager]  [loader.1] file:/C:/Program%20Files/Neo4j%20CE%203.2.3/jre/lib/ext/sunmscapi.jar
2017-11-25 23:00:17.996+0000 INFO [o.n.k.i.DiagnosticsManager]  [bootstrap] C:\Program Files\Neo4j CE 3.2.3\jre\lib\resources.jar
2017-11-25 23:00:17.996+0000 INFO [o.n.k.i.DiagnosticsManager] Library path:
2017-11-25 23:00:17.996+0000 INFO [o.n.k.i.DiagnosticsManager] C:\ProgramData\Oracle\Java\javapath
2017-11-25 23:00:17.996+0000 INFO [o.n.k.i.DiagnosticsManager] C:\Program Files (x86)\Intel\iCLS Client
2017-11-25 23:00:17.996+0000 INFO [o.n.k.i.DiagnosticsManager] C:\Program Files\Intel\iCLS Client
2017-11-25 23:00:17.996+0000 INFO [o.n.k.i.DiagnosticsManager] C:\Windows\System32
2017-11-25 23:00:17.996+0000 INFO [o.n.k.i.DiagnosticsManager] C:\Windows
2017-11-25 23:00:17.996+0000 INFO [o.n.k.i.DiagnosticsManager] C:\Windows\System32\wbem
2017-11-25 23:00:17.996+0000 INFO [o.n.k.i.DiagnosticsManager] C:\Windows\System32\WindowsPowerShell\v1.0
2017-11-25 23:00:17.996+0000 INFO [o.n.k.i.DiagnosticsManager] C:\Program Files\Intel\Intel(R) Management Engine Components\DAL
2017-11-25 23:00:17.996+0000 INFO [o.n.k.i.DiagnosticsManager] C:\Program Files\Intel\Intel(R) Management Engine Components\IPT
2017-11-25 23:00:17.996+0000 INFO [o.n.k.i.DiagnosticsManager] C:\Program Files (x86)\Intel\Intel(R) Management Engine Components\DAL
2017-11-25 23:00:17.996+0000 INFO [o.n.k.i.DiagnosticsManager] C:\Program Files (x86)\Intel\Intel(R) Management Engine Components\IPT
2017-11-25 23:00:17.996+0000 INFO [o.n.k.i.DiagnosticsManager] C:\Program Files (x86)\MiKTeX 2.9\miktex\bin
2017-11-25 23:00:17.996+0000 INFO [o.n.k.i.DiagnosticsManager] C:\Program Files\MySQL\MySQL Utilities 1.6
2017-11-25 23:00:17.996+0000 INFO [o.n.k.i.DiagnosticsManager] C:\Program Files (x86)\Skype\Phone
2017-11-25 23:00:18.011+0000 INFO [o.n.k.i.DiagnosticsManager] C:\Program Files\Java\jdk1.8.0_144\bin
2017-11-25 23:00:18.011+0000 INFO [o.n.k.i.DiagnosticsManager] C:\Program Files\Neo4j CE 3.2.3\jre\bin
2017-11-25 23:00:18.011+0000 INFO [o.n.k.i.DiagnosticsManager] System.properties:
2017-11-25 23:00:18.011+0000 INFO [o.n.k.i.DiagnosticsManager] exe4j.moduleName = C:\Program Files\Neo4j CE 3.2.3\bin\neo4j-ce.exe
2017-11-25 23:00:18.011+0000 INFO [o.n.k.i.DiagnosticsManager] exe4j.semaphoreName = Local\c:_program_files_neo4j_ce_3.2.3_bin_neo4j-ce.exe
2017-11-25 23:00:18.011+0000 INFO [o.n.k.i.DiagnosticsManager] sun.boot.library.path = c:\program files\neo4j ce 3.2.3\jre\bin
2017-11-25 23:00:18.011+0000 INFO [o.n.k.i.DiagnosticsManager] exe4j.consoleCodepage = cp0
2017-11-25 23:00:18.011+0000 INFO [o.n.k.i.DiagnosticsManager] path.separator = ;
2017-11-25 23:00:18.011+0000 INFO [o.n.k.i.DiagnosticsManager] file.encoding.pkg = sun.io
2017-11-25 23:00:18.011+0000 INFO [o.n.k.i.DiagnosticsManager] user.country = US
2017-11-25 23:00:18.011+0000 INFO [o.n.k.i.DiagnosticsManager] user.script = 
2017-11-25 23:00:18.011+0000 INFO [o.n.k.i.DiagnosticsManager] sun.os.patch.level = 
2017-11-25 23:00:18.011+0000 INFO [o.n.k.i.DiagnosticsManager] install4j.exeDir = C:\Program Files\Neo4j CE 3.2.3\bin\
2017-11-25 23:00:18.011+0000 INFO [o.n.k.i.DiagnosticsManager] user.dir = C:\Program Files\Neo4j CE 3.2.3\bin
2017-11-25 23:00:18.011+0000 INFO [o.n.k.i.DiagnosticsManager] user.variant = 
2017-11-25 23:00:18.011+0000 INFO [o.n.k.i.DiagnosticsManager] exe4j.tempDir = 
2017-11-25 23:00:18.011+0000 INFO [o.n.k.i.DiagnosticsManager] sun.jnu.encoding = Cp1252
2017-11-25 23:00:18.011+0000 INFO [o.n.k.i.DiagnosticsManager] unsupported.dbms.udc.source = desktop
2017-11-25 23:00:18.011+0000 INFO [o.n.k.i.DiagnosticsManager] sun.awt.enableExtraMouseButtons = true
2017-11-25 23:00:18.011+0000 INFO [o.n.k.i.DiagnosticsManager] install4j.launcherId = 24
2017-11-25 23:00:18.011+0000 INFO [o.n.k.i.DiagnosticsManager] sun.management.compiler = HotSpot 64-Bit Tiered Compilers
2017-11-25 23:00:18.011+0000 INFO [o.n.k.i.DiagnosticsManager] exe4j.isInstall4j = true
2017-11-25 23:00:18.011+0000 INFO [o.n.k.i.DiagnosticsManager] install4j.swt = false
2017-11-25 23:00:18.011+0000 INFO [o.n.k.i.DiagnosticsManager] user.home = C:\Users\AMAL KUMAR BANERJEE
2017-11-25 23:00:18.011+0000 INFO [o.n.k.i.DiagnosticsManager] user.timezone = America/Chicago
2017-11-25 23:00:18.011+0000 INFO [o.n.k.i.DiagnosticsManager] file.encoding = Cp1252
2017-11-25 23:00:18.011+0000 INFO [o.n.k.i.DiagnosticsManager] user.name = AMAL KUMAR BANERJEE
2017-11-25 23:00:18.011+0000 INFO [o.n.k.i.DiagnosticsManager] sun.java.command = C:\Program Files\Neo4j CE 3.2.3\bin\neo4j-ce.exe
2017-11-25 23:00:18.011+0000 INFO [o.n.k.i.DiagnosticsManager] sun.arch.data.model = 64
2017-11-25 23:00:18.011+0000 INFO [o.n.k.i.DiagnosticsManager] exe4j.launchName = C:\Program Files\Neo4j CE 3.2.3\bin\neo4j-ce.exe
2017-11-25 23:00:18.011+0000 INFO [o.n.k.i.DiagnosticsManager] user.language = en
2017-11-25 23:00:18.011+0000 INFO [o.n.k.i.DiagnosticsManager] awt.toolkit = sun.awt.windows.WToolkit
2017-11-25 23:00:18.011+0000 INFO [o.n.k.i.DiagnosticsManager] exe4j.unextractedPosition = 0
2017-11-25 23:00:18.011+0000 INFO [o.n.k.i.DiagnosticsManager] install4j.appDir = C:\Program Files\Neo4j CE 3.2.3\
2017-11-25 23:00:18.011+0000 INFO [o.n.k.i.DiagnosticsManager] file.separator = \
2017-11-25 23:00:18.011+0000 INFO [o.n.k.i.DiagnosticsManager] sun.io.unicode.encoding = UnicodeLittle
2017-11-25 23:00:18.011+0000 INFO [o.n.k.i.DiagnosticsManager] sun.cpu.endian = little
2017-11-25 23:00:18.011+0000 INFO [o.n.k.i.DiagnosticsManager] sun.desktop = windows
2017-11-25 23:00:18.011+0000 INFO [o.n.k.i.DiagnosticsManager] sun.cpu.isalist = amd64
2017-11-25 23:00:18.011+0000 INFO [o.n.k.i.DiagnosticsManager] Network information:
2017-11-25 23:00:18.058+0000 INFO [o.n.k.i.DiagnosticsManager] Interface Software Loopback Interface 1:
2017-11-25 23:00:18.058+0000 INFO [o.n.k.i.DiagnosticsManager]     address: 127.0.0.1
2017-11-25 23:00:18.058+0000 INFO [o.n.k.i.DiagnosticsManager]     address: 0:0:0:0:0:0:0:1
2017-11-25 23:00:18.058+0000 INFO [o.n.k.i.DiagnosticsManager] Interface Microsoft Kernel Debug Network Adapter:
2017-11-25 23:00:18.058+0000 INFO [o.n.k.i.DiagnosticsManager] Interface Realtek PCIe FE Family Controller:
2017-11-25 23:00:18.058+0000 INFO [o.n.k.i.DiagnosticsManager]     address: fe80:0:0:0:891b:d2b2:b3ca:986c%eth1
2017-11-25 23:00:18.058+0000 INFO [o.n.k.i.DiagnosticsManager] Interface Dell Wireless 1705 802.11b/g/n (2.4GHZ):
2017-11-25 23:00:18.058+0000 INFO [o.n.k.i.DiagnosticsManager]     address: 10.26.54.88
2017-11-25 23:00:18.058+0000 INFO [o.n.k.i.DiagnosticsManager]     address: 2610:130:110:1507:f4a9:2193:2a5c:d5bb
2017-11-25 23:00:18.058+0000 INFO [o.n.k.i.DiagnosticsManager]     address: 2610:130:110:1507:7187:5c95:ce42:71d4
2017-11-25 23:00:18.058+0000 INFO [o.n.k.i.DiagnosticsManager]     address: fe80:0:0:0:f4a9:2193:2a5c:d5bb%wlan0
2017-11-25 23:00:18.058+0000 INFO [o.n.k.i.DiagnosticsManager] Interface Microsoft Wi-Fi Direct Virtual Adapter:
2017-11-25 23:00:18.058+0000 INFO [o.n.k.i.DiagnosticsManager]     address: fe80:0:0:0:406c:47d8:8183:6d1b%wlan1
2017-11-25 23:00:18.058+0000 INFO [o.n.k.i.DiagnosticsManager] Interface Bluetooth Device (Personal Area Network):
2017-11-25 23:00:18.058+0000 INFO [o.n.k.i.DiagnosticsManager]     address: fe80:0:0:0:3120:2fb0:c26c:a230%eth2
2017-11-25 23:00:18.074+0000 INFO [o.n.k.i.DiagnosticsManager] Interface Bluetooth Device (RFCOMM Protocol TDI):
2017-11-25 23:00:18.074+0000 INFO [o.n.k.i.DiagnosticsManager] Interface Teredo Tunneling Pseudo-Interface:
2017-11-25 23:00:18.074+0000 INFO [o.n.k.i.DiagnosticsManager] Interface WAN Miniport (SSTP):
2017-11-25 23:00:18.074+0000 INFO [o.n.k.i.DiagnosticsManager] Interface WAN Miniport (IKEv2):
2017-11-25 23:00:18.074+0000 INFO [o.n.k.i.DiagnosticsManager] Interface WAN Miniport (PPTP):
2017-11-25 23:00:18.074+0000 INFO [o.n.k.i.DiagnosticsManager] Interface WAN Miniport (PPPOE):
2017-11-25 23:00:18.074+0000 INFO [o.n.k.i.DiagnosticsManager] Interface WAN Miniport (L2TP):
2017-11-25 23:00:18.074+0000 INFO [o.n.k.i.DiagnosticsManager] Interface WAN Miniport (IP):
2017-11-25 23:00:18.074+0000 INFO [o.n.k.i.DiagnosticsManager] Interface WAN Miniport (IPv6):
2017-11-25 23:00:18.074+0000 INFO [o.n.k.i.DiagnosticsManager] Interface WAN Miniport (Network Monitor):
2017-11-25 23:00:18.074+0000 INFO [o.n.k.i.DiagnosticsManager] Interface RAS Async Adapter:
2017-11-25 23:00:18.074+0000 INFO [o.n.k.i.DiagnosticsManager] Interface RAS Async Adapter #2:
2017-11-25 23:00:18.074+0000 INFO [o.n.k.i.DiagnosticsManager] Interface Microsoft ISATAP Adapter #2:
2017-11-25 23:00:18.074+0000 INFO [o.n.k.i.DiagnosticsManager]     address: fe80:0:0:0:0:5efe:a1a:3658%net6
2017-11-25 23:00:18.074+0000 INFO [o.n.k.i.DiagnosticsManager] Interface Microsoft ISATAP Adapter #4:
2017-11-25 23:00:18.074+0000 INFO [o.n.k.i.DiagnosticsManager] Interface Microsoft ISATAP Adapter #5:
2017-11-25 23:00:18.074+0000 INFO [o.n.k.i.DiagnosticsManager] Interface Cisco AnyConnect Secure Mobility Client Virtual Miniport Adapter for Windows x64:
2017-11-25 23:00:18.074+0000 INFO [o.n.k.i.DiagnosticsManager] Interface Realtek PCIe FE Family Controller-WFP Native MAC Layer LightWeight Filter-0000:
2017-11-25 23:00:18.074+0000 INFO [o.n.k.i.DiagnosticsManager] Interface Realtek PCIe FE Family Controller-QoS Packet Scheduler-0000:
2017-11-25 23:00:18.074+0000 INFO [o.n.k.i.DiagnosticsManager] Interface Realtek PCIe FE Family Controller-WFP 802.3 MAC Layer LightWeight Filter-0000:
2017-11-25 23:00:18.074+0000 INFO [o.n.k.i.DiagnosticsManager] Interface Dell Wireless 1705 802.11b/g/n (2.4GHZ)-WFP Native MAC Layer LightWeight Filter-0000:
2017-11-25 23:00:18.074+0000 INFO [o.n.k.i.DiagnosticsManager] Interface Dell Wireless 1705 802.11b/g/n (2.4GHZ)-Virtual WiFi Filter Driver-0000:
2017-11-25 23:00:18.074+0000 INFO [o.n.k.i.DiagnosticsManager] Interface Dell Wireless 1705 802.11b/g/n (2.4GHZ)-Native WiFi Filter Driver-0000:
2017-11-25 23:00:18.074+0000 INFO [o.n.k.i.DiagnosticsManager] Interface Dell Wireless 1705 802.11b/g/n (2.4GHZ)-QoS Packet Scheduler-0000:
2017-11-25 23:00:18.074+0000 INFO [o.n.k.i.DiagnosticsManager] Interface Dell Wireless 1705 802.11b/g/n (2.4GHZ)-WFP 802.3 MAC Layer LightWeight Filter-0000:
2017-11-25 23:00:18.074+0000 INFO [o.n.k.i.DiagnosticsManager] Interface Microsoft Wi-Fi Direct Virtual Adapter-WFP Native MAC Layer LightWeight Filter-0000:
2017-11-25 23:00:18.074+0000 INFO [o.n.k.i.DiagnosticsManager] Interface Microsoft Wi-Fi Direct Virtual Adapter-Native WiFi Filter Driver-0000:
2017-11-25 23:00:18.074+0000 INFO [o.n.k.i.DiagnosticsManager] Interface Microsoft Wi-Fi Direct Virtual Adapter-QoS Packet Scheduler-0000:
2017-11-25 23:00:18.074+0000 INFO [o.n.k.i.DiagnosticsManager] Interface Microsoft Wi-Fi Direct Virtual Adapter-WFP 802.3 MAC Layer LightWeight Filter-0000:
2017-11-25 23:00:18.074+0000 INFO [o.n.k.i.DiagnosticsManager] Interface Microsoft ISATAP Adapter:
2017-11-25 23:00:18.074+0000 INFO [o.n.k.i.DiagnosticsManager] --- INITIALIZED diagnostics END ---
2017-11-25 23:00:19.308+0000 INFO [o.n.b.v.r.WorkerFactory] Bolt Server extension loaded.
2017-11-25 23:00:19.324+0000 INFO [o.n.b.v.r.WorkerFactory] Bolt enabled on 127.0.0.1:7687.
2017-11-25 23:00:19.449+0000 INFO [o.n.k.i.s.f.RecordFormatSelector] Selected format 'RecordFormat:StandardV3_2[v0.A.8]' for the new store
2017-11-25 23:00:21.564+0000 INFO [o.n.k.i.a.i.IndexingService] IndexingService.init: indexes not specifically mentioned above are null
2017-11-25 23:00:21.580+0000 INFO [o.n.k.i.i.l.NativeLabelScanStore] No scan store found, this might just be first use. Preparing to rebuild.
2017-11-25 23:00:21.767+0000 INFO [o.n.k.NeoStoreDataSource] Opened logical log [C:\Users\AMAL KUMAR BANERJEE\Documents\GitHub\MoviePrediction\graphdb\neostore.transaction.db.0] version=0, lastTxId=1 (clean)
2017-11-25 23:00:21.783+0000 INFO [o.n.k.NeoStoreDataSource] No commits found after last check point (which is at <no log position given>)
2017-11-25 23:00:21.799+0000 WARN [o.n.k.i.s.MetaDataStore] Missing counts store, rebuilding it.
2017-11-25 23:00:22.004+0000 WARN [o.n.k.i.s.MetaDataStore] Counts store rebuild completed.
2017-11-25 23:00:22.019+0000 INFO [o.n.k.i.a.i.IndexingService] IndexingService.start: indexes not specifically mentioned above are null
2017-11-25 23:00:22.035+0000 INFO [o.n.k.i.i.l.NativeLabelScanStore] Rebuilding scan store, this may take a while
2017-11-25 23:00:22.113+0000 INFO [o.n.k.i.i.l.NativeLabelScanStore] Scan store rebuilt (roughly 0 nodes)
2017-11-25 23:00:22.128+0000 INFO [o.n.k.i.DatabaseHealth] Database health set to OK
2017-11-25 23:00:23.238+0000 INFO [o.n.k.AvailabilityGuard] Fulfilling of requirement makes database available: Database available
2017-11-25 23:00:23.253+0000 INFO [o.n.k.i.f.GraphDatabaseFacadeFactory] Database is now ready
2017-11-25 23:00:23.253+0000 INFO [o.n.k.i.DiagnosticsManager] --- STARTED diagnostics for KernelDiagnostics:Versions START ---
2017-11-25 23:00:23.269+0000 INFO [o.n.k.i.DiagnosticsManager] Graph Database: community single StoreId{creationTime=1511650821299, randomId=6804993668631760506, storeVersion=15813456178476550, upgradeTime=1511650821299, upgradeId=1}
2017-11-25 23:00:23.269+0000 INFO [o.n.k.i.DiagnosticsManager] Kernel version: 3.2.3
2017-11-25 23:00:23.285+0000 INFO [o.n.k.i.DiagnosticsManager] --- STARTED diagnostics for KernelDiagnostics:Versions END ---
2017-11-25 23:00:23.300+0000 INFO [o.n.k.i.DiagnosticsManager] --- STARTED diagnostics for NEO_STORE_VERSIONS START ---
2017-11-25 23:00:23.300+0000 INFO [o.n.k.i.DiagnosticsManager] Store versions:
2017-11-25 23:00:23.316+0000 INFO [o.n.k.i.DiagnosticsManager] Store versions:
2017-11-25 23:00:23.332+0000 INFO [o.n.k.i.DiagnosticsManager]   ArrayPropertyStore v0.A.8
2017-11-25 23:00:23.347+0000 INFO [o.n.k.i.DiagnosticsManager]   NodeStore v0.A.8
2017-11-25 23:00:23.363+0000 INFO [o.n.k.i.DiagnosticsManager]   StringPropertyStore v0.A.8
2017-11-25 23:00:23.363+0000 INFO [o.n.k.i.DiagnosticsManager]   PropertyIndexStore v0.A.8
2017-11-25 23:00:23.378+0000 INFO [o.n.k.i.DiagnosticsManager]   StringPropertyStore v0.A.8
2017-11-25 23:00:23.378+0000 INFO [o.n.k.i.DiagnosticsManager]   ArrayPropertyStore v0.A.8
2017-11-25 23:00:23.394+0000 INFO [o.n.k.i.DiagnosticsManager]   PropertyStore v0.A.8
2017-11-25 23:00:23.394+0000 INFO [o.n.k.i.DiagnosticsManager]   RelationshipStore v0.A.8
2017-11-25 23:00:23.410+0000 INFO [o.n.k.i.DiagnosticsManager]   StringPropertyStore v0.A.8
2017-11-25 23:00:23.425+0000 INFO [o.n.k.i.DiagnosticsManager]   RelationshipTypeStore v0.A.8
2017-11-25 23:00:23.441+0000 INFO [o.n.k.i.DiagnosticsManager]   StringPropertyStore v0.A.8
2017-11-25 23:00:23.457+0000 INFO [o.n.k.i.DiagnosticsManager]   LabelTokenStore v0.A.8
2017-11-25 23:00:23.472+0000 INFO [o.n.k.i.DiagnosticsManager]   SchemaStore v0.A.8
2017-11-25 23:00:23.472+0000 INFO [o.n.k.i.DiagnosticsManager]   RelationshipGroupStore v0.A.8
2017-11-25 23:00:23.488+0000 INFO [o.n.k.i.DiagnosticsManager]   NeoStore v0.A.8
2017-11-25 23:00:23.503+0000 INFO [o.n.k.i.DiagnosticsManager] --- STARTED diagnostics for NEO_STORE_VERSIONS END ---
2017-11-25 23:00:23.519+0000 INFO [o.n.k.i.DiagnosticsManager] --- STARTED diagnostics for NEO_STORE_ID_USAGE START ---
2017-11-25 23:00:23.519+0000 INFO [o.n.k.i.DiagnosticsManager] Id usage:
2017-11-25 23:00:23.535+0000 INFO [o.n.k.i.DiagnosticsManager] Id usage:
2017-11-25 23:00:23.550+0000 INFO [o.n.k.i.DiagnosticsManager]   ArrayPropertyStore: used=1 high=0
2017-11-25 23:00:23.550+0000 INFO [o.n.k.i.DiagnosticsManager]   NodeStore: used=0 high=-1
2017-11-25 23:00:23.566+0000 INFO [o.n.k.i.DiagnosticsManager]   StringPropertyStore: used=1 high=0
2017-11-25 23:00:23.566+0000 INFO [o.n.k.i.DiagnosticsManager]   PropertyIndexStore: used=0 high=-1
2017-11-25 23:00:23.582+0000 INFO [o.n.k.i.DiagnosticsManager]   StringPropertyStore: used=1 high=0
2017-11-25 23:00:23.582+0000 INFO [o.n.k.i.DiagnosticsManager]   ArrayPropertyStore: used=1 high=0
2017-11-25 23:00:23.597+0000 INFO [o.n.k.i.DiagnosticsManager]   PropertyStore: used=0 high=-1
2017-11-25 23:00:23.613+0000 INFO [o.n.k.i.DiagnosticsManager]   RelationshipStore: used=0 high=-1
2017-11-25 23:00:23.628+0000 INFO [o.n.k.i.DiagnosticsManager]   StringPropertyStore: used=1 high=0
2017-11-25 23:00:23.644+0000 INFO [o.n.k.i.DiagnosticsManager]   RelationshipTypeStore: used=0 high=-1
2017-11-25 23:00:23.660+0000 INFO [o.n.k.i.DiagnosticsManager]   StringPropertyStore: used=1 high=0
2017-11-25 23:00:23.660+0000 INFO [o.n.k.i.DiagnosticsManager]   LabelTokenStore: used=0 high=-1
2017-11-25 23:00:23.675+0000 INFO [o.n.k.i.DiagnosticsManager]   SchemaStore: used=1 high=0
2017-11-25 23:00:23.691+0000 INFO [o.n.k.i.DiagnosticsManager]   RelationshipGroupStore: used=1 high=0
2017-11-25 23:00:23.707+0000 INFO [o.n.k.i.DiagnosticsManager]   NeoStore: used=15 high=14
2017-11-25 23:00:23.707+0000 INFO [o.n.k.i.DiagnosticsManager] --- STARTED diagnostics for NEO_STORE_ID_USAGE END ---
2017-11-25 23:00:23.722+0000 INFO [o.n.k.i.DiagnosticsManager] --- STARTED diagnostics for NEO_STORE_RECORDS START ---
2017-11-25 23:00:23.738+0000 INFO [o.n.k.i.DiagnosticsManager] Neostore records:
2017-11-25 23:00:23.738+0000 INFO [o.n.k.i.DiagnosticsManager] TIME (Creation time): 1511650821299
2017-11-25 23:00:23.753+0000 INFO [o.n.k.i.DiagnosticsManager] RANDOM_NUMBER (Random number for store id): 6804993668631760506
2017-11-25 23:00:23.769+0000 INFO [o.n.k.i.DiagnosticsManager] LOG_VERSION (Current log version): 0
2017-11-25 23:00:23.769+0000 INFO [o.n.k.i.DiagnosticsManager] LAST_TRANSACTION_ID (Last committed transaction): 1
2017-11-25 23:00:23.785+0000 INFO [o.n.k.i.DiagnosticsManager] STORE_VERSION (Store format version): 15813456178476550
2017-11-25 23:00:23.800+0000 INFO [o.n.k.i.DiagnosticsManager] FIRST_GRAPH_PROPERTY (First property record containing graph properties): -1
2017-11-25 23:00:23.800+0000 INFO [o.n.k.i.DiagnosticsManager] LAST_CONSTRAINT_TRANSACTION (Last committed transaction containing constraint changes): 0
2017-11-25 23:00:23.800+0000 INFO [o.n.k.i.DiagnosticsManager] UPGRADE_TRANSACTION_ID (Transaction id most recent upgrade was performed at): 1
2017-11-25 23:00:23.816+0000 INFO [o.n.k.i.DiagnosticsManager] UPGRADE_TIME (Time of last upgrade): 1511650821299
2017-11-25 23:00:23.816+0000 INFO [o.n.k.i.DiagnosticsManager] LAST_TRANSACTION_CHECKSUM (Checksum of last committed transaction): 0
2017-11-25 23:00:23.832+0000 INFO [o.n.k.i.DiagnosticsManager] UPGRADE_TRANSACTION_CHECKSUM (Checksum of transaction id the most recent upgrade was performed at): 0
2017-11-25 23:00:23.832+0000 INFO [o.n.k.i.DiagnosticsManager] LAST_CLOSED_TRANSACTION_LOG_VERSION (Log version where the last transaction commit entry has been written into): 0
2017-11-25 23:00:23.847+0000 INFO [o.n.k.i.DiagnosticsManager] LAST_CLOSED_TRANSACTION_LOG_BYTE_OFFSET (Byte offset in the log file where the last transaction commit entry has been written into): 16
2017-11-25 23:00:23.847+0000 INFO [o.n.k.i.DiagnosticsManager] LAST_TRANSACTION_COMMIT_TIMESTAMP (Commit time timestamp for last committed transaction): 0
2017-11-25 23:00:23.863+0000 INFO [o.n.k.i.DiagnosticsManager] UPGRADE_TRANSACTION_COMMIT_TIMESTAMP (Commit timestamp of transaction the most recent upgrade was performed at): 0
2017-11-25 23:00:23.863+0000 INFO [o.n.k.i.DiagnosticsManager] --- STARTED diagnostics for NEO_STORE_RECORDS END ---
2017-11-25 23:00:23.878+0000 INFO [o.n.k.i.DiagnosticsManager] --- STARTED diagnostics for TRANSACTION_RANGE START ---
2017-11-25 23:00:23.878+0000 INFO [o.n.k.i.DiagnosticsManager] Transaction log:
2017-11-25 23:00:23.894+0000 INFO [o.n.k.i.DiagnosticsManager] No transactions found in any log
2017-11-25 23:00:23.894+0000 INFO [o.n.k.i.DiagnosticsManager] --- STARTED diagnostics for TRANSACTION_RANGE END ---
2017-11-25 23:00:23.910+0000 INFO [o.n.k.i.DiagnosticsManager] --- STARTED diagnostics for KernelDiagnostics:StoreFiles START ---
2017-11-25 23:00:23.910+0000 INFO [o.n.k.i.DiagnosticsManager] Disk space on partition (Total / Free / Free %): 486821326848 / 422107877376 / 86
Storage files: (filename : modification date - size)
2017-11-25 23:00:23.925+0000 INFO [o.n.k.i.DiagnosticsManager]   certificates:
2017-11-25 23:00:23.925+0000 INFO [o.n.k.i.DiagnosticsManager]     neo4j.cert: 2017-11-25T17:00:18-0600 - 1002.00 B
2017-11-25 23:00:23.941+0000 INFO [o.n.k.i.DiagnosticsManager]     neo4j.key: 2017-11-25T17:00:18-0600 - 1.70 kB
2017-11-25 23:00:23.957+0000 INFO [o.n.k.i.DiagnosticsManager]   - Total: 2017-11-25T17:00:18-0600 - 2.67 kB
2017-11-25 23:00:23.957+0000 INFO [o.n.k.i.DiagnosticsManager]   index:
2017-11-25 23:00:23.972+0000 INFO [o.n.k.i.DiagnosticsManager]   - Total: 2017-11-25T17:00:21-0600 - 0.00 B
2017-11-25 23:00:23.972+0000 INFO [o.n.k.i.DiagnosticsManager]   logs:
2017-11-25 23:00:23.988+0000 INFO [o.n.k.i.DiagnosticsManager]     debug.log: 2017-11-25T17:00:17-0600 - 30.83 kB
2017-11-25 23:00:24.003+0000 INFO [o.n.k.i.DiagnosticsManager]   - Total: 2017-11-25T17:00:17-0600 - 30.83 kB
2017-11-25 23:00:24.003+0000 INFO [o.n.k.i.DiagnosticsManager]   neostore: 2017-11-25T17:00:21-0600 - 8.00 kB
2017-11-25 23:00:24.019+0000 INFO [o.n.k.i.DiagnosticsManager]   neostore.counts.db.a: 2017-11-25T17:00:22-0600 - 96.00 B
2017-11-25 23:00:24.019+0000 INFO [o.n.k.i.DiagnosticsManager]   neostore.id: 2017-11-25T17:00:21-0600 - 9.00 B
2017-11-25 23:00:24.050+0000 INFO [o.n.k.i.DiagnosticsManager]   neostore.labelscanstore.db: 2017-11-25T17:00:22-0600 - 40.00 kB
2017-11-25 23:00:24.050+0000 INFO [o.n.k.i.DiagnosticsManager]   neostore.labeltokenstore.db: 2017-11-25T17:00:20-0600 - 0.00 B
2017-11-25 23:00:24.066+0000 INFO [o.n.k.i.DiagnosticsManager]   neostore.labeltokenstore.db.id: 2017-11-25T17:00:20-0600 - 9.00 B
2017-11-25 23:00:24.066+0000 INFO [o.n.k.i.DiagnosticsManager]   neostore.labeltokenstore.db.names: 2017-11-25T17:00:20-0600 - 8.00 kB
2017-11-25 23:00:24.082+0000 INFO [o.n.k.i.DiagnosticsManager]   neostore.labeltokenstore.db.names.id: 2017-11-25T17:00:20-0600 - 9.00 B
2017-11-25 23:00:24.082+0000 INFO [o.n.k.i.DiagnosticsManager]   neostore.nodestore.db: 2017-11-25T17:00:19-0600 - 0.00 B
2017-11-25 23:00:24.097+0000 INFO [o.n.k.i.DiagnosticsManager]   neostore.nodestore.db.id: 2017-11-25T17:00:19-0600 - 9.00 B
2017-11-25 23:00:24.097+0000 INFO [o.n.k.i.DiagnosticsManager]   neostore.nodestore.db.labels: 2017-11-25T17:00:19-0600 - 8.00 kB
2017-11-25 23:00:24.113+0000 INFO [o.n.k.i.DiagnosticsManager]   neostore.nodestore.db.labels.id: 2017-11-25T17:00:19-0600 - 9.00 B
2017-11-25 23:00:24.113+0000 INFO [o.n.k.i.DiagnosticsManager]   neostore.propertystore.db: 2017-11-25T17:00:20-0600 - 0.00 B
2017-11-25 23:00:24.129+0000 INFO [o.n.k.i.DiagnosticsManager]   neostore.propertystore.db.arrays: 2017-11-25T17:00:20-0600 - 8.00 kB
2017-11-25 23:00:24.129+0000 INFO [o.n.k.i.DiagnosticsManager]   neostore.propertystore.db.arrays.id: 2017-11-25T17:00:20-0600 - 9.00 B
2017-11-25 23:00:24.144+0000 INFO [o.n.k.i.DiagnosticsManager]   neostore.propertystore.db.id: 2017-11-25T17:00:20-0600 - 9.00 B
2017-11-25 23:00:24.160+0000 INFO [o.n.k.i.DiagnosticsManager]   neostore.propertystore.db.index: 2017-11-25T17:00:20-0600 - 0.00 B
2017-11-25 23:00:24.160+0000 INFO [o.n.k.i.DiagnosticsManager]   neostore.propertystore.db.index.id: 2017-11-25T17:00:20-0600 - 9.00 B
2017-11-25 23:00:24.175+0000 INFO [o.n.k.i.DiagnosticsManager]   neostore.propertystore.db.index.keys: 2017-11-25T17:00:19-0600 - 8.00 kB
2017-11-25 23:00:24.175+0000 INFO [o.n.k.i.DiagnosticsManager]   neostore.propertystore.db.index.keys.id: 2017-11-25T17:00:19-0600 - 9.00 B
2017-11-25 23:00:24.191+0000 INFO [o.n.k.i.DiagnosticsManager]   neostore.propertystore.db.strings: 2017-11-25T17:00:20-0600 - 8.00 kB
2017-11-25 23:00:24.191+0000 INFO [o.n.k.i.DiagnosticsManager]   neostore.propertystore.db.strings.id: 2017-11-25T17:00:20-0600 - 9.00 B
2017-11-25 23:00:24.207+0000 INFO [o.n.k.i.DiagnosticsManager]   neostore.relationshipgroupstore.db: 2017-11-25T17:00:21-0600 - 8.00 kB
2017-11-25 23:00:24.207+0000 INFO [o.n.k.i.DiagnosticsManager]   neostore.relationshipgroupstore.db.id: 2017-11-25T17:00:21-0600 - 9.00 B
2017-11-25 23:00:24.222+0000 INFO [o.n.k.i.DiagnosticsManager]   neostore.relationshipstore.db: 2017-11-25T17:00:20-0600 - 0.00 B
2017-11-25 23:00:24.222+0000 INFO [o.n.k.i.DiagnosticsManager]   neostore.relationshipstore.db.id: 2017-11-25T17:00:20-0600 - 9.00 B
2017-11-25 23:00:24.238+0000 INFO [o.n.k.i.DiagnosticsManager]   neostore.relationshiptypestore.db: 2017-11-25T17:00:20-0600 - 0.00 B
2017-11-25 23:00:24.238+0000 INFO [o.n.k.i.DiagnosticsManager]   neostore.relationshiptypestore.db.id: 2017-11-25T17:00:20-0600 - 9.00 B
2017-11-25 23:00:24.254+0000 INFO [o.n.k.i.DiagnosticsManager]   neostore.relationshiptypestore.db.names: 2017-11-25T17:00:20-0600 - 8.00 kB
2017-11-25 23:00:24.254+0000 INFO [o.n.k.i.DiagnosticsManager]   neostore.relationshiptypestore.db.names.id: 2017-11-25T17:00:20-0600 - 9.00 B
2017-11-25 23:00:24.269+0000 INFO [o.n.k.i.DiagnosticsManager]   neostore.schemastore.db: 2017-11-25T17:00:21-0600 - 8.00 kB
2017-11-25 23:00:24.269+0000 INFO [o.n.k.i.DiagnosticsManager]   neostore.schemastore.db.id: 2017-11-25T17:00:21-0600 - 9.00 B
2017-11-25 23:00:24.285+0000 INFO [o.n.k.i.DiagnosticsManager]   neostore.transaction.db.0: 2017-11-25T17:00:21-0600 - 16.00 B
2017-11-25 23:00:24.285+0000 INFO [o.n.k.i.DiagnosticsManager]   store_lock: 2017-11-25T17:00:19-0600 - 0.00 B
2017-11-25 23:00:24.285+0000 INFO [o.n.k.i.DiagnosticsManager] --- STARTED diagnostics for KernelDiagnostics:StoreFiles END ---
2017-11-25 23:00:26.597+0000 INFO [o.n.k.i.DiagnosticsManager] --- SERVER STARTED START ---
2017-11-25 23:00:27.519+0000 WARN [o.n.k.i.c.MonitorGc] GC Monitor: Application threads blocked for 356ms.
2017-11-25 23:00:29.066+0000 INFO [o.n.k.i.DiagnosticsManager] --- SERVER STARTED END ---
2017-11-25 23:00:49.381+0000 ERROR [o.n.k.i.u.w.DefaultFileDeletionEventListener] 'New folder' which belongs to the store was deleted while database was running.
2017-11-25 23:01:14.093+0000 INFO [o.n.c.i.ExecutionEngine] Discarded stale query from the query cache: 
CALL db.labels() YIELD label
WITH COLLECT(label)[..1000] AS labels
RETURN 'labels' as a, labels as result
UNION
CALL db.relationshipTypes() YIELD relationshipType
WITH COLLECT(relationshipType)[..1000] AS relationshipTypes
RETURN 'relationshipTypes' as a, relationshipTypes as result
UNION
CALL db.propertyKeys() YIELD propertyKey
WITH COLLECT(propertyKey)[..1000] AS propertyKeys
RETURN 'propertyKeys' as a, propertyKeys as result
UNION
CALL dbms.functions() YIELD name, signature, description
WITH collect({name: name, signature: signature, description: description}) as functions
RETURN 'functions' as a, functions AS result
UNION
CALL dbms.procedures() YIELD name, signature, description
WITH collect({name: name, signature: signature, description: description}) as procedures
RETURN 'procedures' as a, procedures as result

2017-11-25 23:01:14.105+0000 INFO [o.n.c.i.CommunityCompatibilityFactory] Discarded stale query from the query cache: CALL db.labels() YIELD label
WITH COLLECT(label)[..1000] AS labels
RETURN 'labels' as a, labels as result
UNION
CALL db.relationshipTypes() YIELD relationshipType
WITH COLLECT(relationshipType)[..1000] AS relationshipTypes
RETURN 'relationshipTypes' as a, relationshipTypes as result
UNION
CALL db.propertyKeys() YIELD propertyKey
WITH COLLECT(propertyKey)[..1000] AS propertyKeys
RETURN 'propertyKeys' as a, propertyKeys as result
UNION
CALL dbms.functions() YIELD name, signature, description
WITH collect({name: name, signature: signature, description: description}) as functions
RETURN 'functions' as a, functions AS result
UNION
CALL dbms.procedures() YIELD name, signature, description
WITH collect({name: name, signature: signature, description: description}) as procedures
RETURN 'procedures' as a, procedures as result

